{"C:\\git\\honey-did\\src\\lib\\components\\AddButton.svelte": {"path":"C:\\git\\honey-did\\src\\lib\\components\\AddButton.svelte","statementMap":{"0":{"start":{"line":2,"column":26},"end":{"line":2,"column":null}},"1":{"start":{"line":5,"column":7},"end":{"line":5,"column":null}},"2":{"start":{"line":7,"column":7},"end":{"line":5,"column":null}},"3":{"start":{"line":7,"column":3},"end":{"line":7,"column":9}},"4":{"start":{"line":5,"column":1},"end":{"line":5,"column":null}},"5":{"start":{"line":7,"column":9},"end":{"line":7,"column":null}}},"fnMap":{"0":{"name":"AddButton","decl":{"start":{"line":1,"column":0},"end":{"line":1,"column":null}},"loc":{"start":{"line":1,"column":0},"end":{"line":3,"column":null}},"line":1},"1":{"name":"(anonymous_1)","decl":{"start":{"line":7,"column":9},"end":{"line":7,"column":14}},"loc":{"start":{"line":7,"column":9},"end":{"line":7,"column":null}},"line":7},"2":{"name":"(anonymous_2)","decl":{"start":{"line":5,"column":7},"end":{"line":5,"column":null}},"loc":{"start":{"line":5,"column":7},"end":{"line":5,"column":null}},"line":5}},"branchMap":{},"s":{"0":4,"1":4,"2":4,"3":4,"4":4,"5":4},"f":{"0":4,"1":4,"2":1},"b":{},"meta":{"lastBranch":0,"lastFunction":3,"lastStatement":6,"seen":{"f:1:0:1:Infinity":0,"s:2:26:2:Infinity":0,"s:5:7:5:Infinity":1,"s:7:7:5:Infinity":2,"s:7:3:7:9":3,"s:5:1:5:Infinity":4,"s:7:9:7:Infinity":5,"f:7:9:7:14":1,"f:5:7:5:Infinity":2}}}
,"C:\\git\\honey-did\\src\\lib\\components\\CustomSectionEditor.svelte": {"path":"C:\\git\\honey-did\\src\\lib\\components\\CustomSectionEditor.svelte","statementMap":{"0":{"start":{"line":8,"column":41},"end":{"line":8,"column":null}},"1":{"start":{"line":9,"column":32},"end":{"line":9,"column":null}},"2":{"start":{"line":11,"column":16},"end":{"line":11,"column":null}},"3":{"start":{"line":17,"column":29},"end":{"line":17,"column":null}},"4":{"start":{"line":20,"column":24},"end":{"line":20,"column":null}},"5":{"start":{"line":28,"column":23},"end":{"line":28,"column":null}},"6":{"start":{"line":29,"column":20},"end":{"line":29,"column":null}},"7":{"start":{"line":30,"column":21},"end":{"line":30,"column":null}},"8":{"start":{"line":31,"column":23},"end":{"line":31,"column":null}},"9":{"start":{"line":35,"column":60},"end":{"line":35,"column":64}},"10":{"start":{"line":38,"column":4},"end":{"line":38,"column":null}},"11":{"start":{"line":39,"column":4},"end":{"line":39,"column":null}},"12":{"start":{"line":40,"column":8},"end":{"line":40,"column":null}},"13":{"start":{"line":40,"column":23},"end":{"line":40,"column":null}},"14":{"start":{"line":41,"column":4},"end":{"line":46,"column":null}},"15":{"start":{"line":42,"column":6},"end":{"line":42,"column":null}},"16":{"start":{"line":44,"column":6},"end":{"line":44,"column":null}},"17":{"start":{"line":44,"column":25},"end":{"line":44,"column":53}},"18":{"start":{"line":45,"column":6},"end":{"line":45,"column":null}},"19":{"start":{"line":51,"column":4},"end":{"line":51,"column":null}},"20":{"start":{"line":52,"column":8},"end":{"line":52,"column":null}},"21":{"start":{"line":52,"column":25},"end":{"line":52,"column":54}},"22":{"start":{"line":52,"column":54},"end":{"line":52,"column":76}},"23":{"start":{"line":53,"column":4},"end":{"line":53,"column":null}},"24":{"start":{"line":54,"column":4},"end":{"line":54,"column":null}},"25":{"start":{"line":57,"column":2},"end":{"line":63,"column":null}},"26":{"start":{"line":59,"column":8},"end":{"line":62,"column":null}},"27":{"start":{"line":60,"column":6},"end":{"line":60,"column":null}},"28":{"start":{"line":61,"column":6},"end":{"line":61,"column":null}},"29":{"start":{"line":66,"column":4},"end":{"line":68,"column":null}},"30":{"start":{"line":73,"column":4},"end":{"line":75,"column":null}},"31":{"start":{"line":80,"column":11},"end":{"line":80,"column":null}},"32":{"start":{"line":84,"column":9},"end":{"line":84,"column":null}},"33":{"start":{"line":84,"column":18},"end":{"line":84,"column":null}},"34":{"start":{"line":85,"column":29},"end":{"line":87,"column":null}},"35":{"start":{"line":89,"column":4},"end":{"line":91,"column":null}},"36":{"start":{"line":90,"column":6},"end":{"line":90,"column":null}},"37":{"start":{"line":92,"column":4},"end":{"line":94,"column":null}},"38":{"start":{"line":99,"column":8},"end":{"line":101,"column":null}},"39":{"start":{"line":100,"column":6},"end":{"line":100,"column":null}},"40":{"start":{"line":102,"column":4},"end":{"line":102,"column":null}},"41":{"start":{"line":106,"column":4},"end":{"line":106,"column":null}},"42":{"start":{"line":107,"column":4},"end":{"line":107,"column":null}},"43":{"start":{"line":21,"column":10},"end":{"line":23,"column":null}},"44":{"start":{"line":22,"column":4},"end":{"line":22,"column":null}},"45":{"start":{"line":25,"column":5},"end":{"line":25,"column":null}},"46":{"start":{"line":26,"column":5},"end":{"line":26,"column":null}},"47":{"start":{"line":111,"column":4},"end":{"line":111,"column":null}},"48":{"start":{"line":112,"column":6},"end":{"line":111,"column":null}},"49":{"start":{"line":112,"column":3},"end":{"line":112,"column":null}},"50":{"start":{"line":114,"column":7},"end":{"line":114,"column":null}},"51":{"start":{"line":117,"column":20},"end":{"line":117,"column":null}},"52":{"start":{"line":114,"column":7},"end":{"line":118,"column":null}},"53":{"start":{"line":114,"column":7},"end":{"line":119,"column":null}},"54":{"start":{"line":119,"column":27},"end":{"line":119,"column":null}},"55":{"start":{"line":124,"column":9},"end":{"line":124,"column":48}},"56":{"start":{"line":124,"column":7},"end":{"line":124,"column":48}},"57":{"start":{"line":125,"column":9},"end":{"line":125,"column":null}},"58":{"start":{"line":124,"column":7},"end":{"line":124,"column":null}},"59":{"start":{"line":124,"column":50},"end":{"line":124,"column":76}},"60":{"start":{"line":124,"column":76},"end":{"line":124,"column":106}},"61":{"start":{"line":113,"column":9},"end":{"line":113,"column":null}},"62":{"start":{"line":113,"column":26},"end":{"line":113,"column":null}},"63":{"start":{"line":128,"column":8},"end":{"line":128,"column":null}},"64":{"start":{"line":129,"column":13},"end":{"line":128,"column":null}},"65":{"start":{"line":130,"column":13},"end":{"line":129,"column":44}},"66":{"start":{"line":130,"column":7},"end":{"line":130,"column":49}},"67":{"start":{"line":133,"column":15},"end":{"line":133,"column":53}},"68":{"start":{"line":134,"column":15},"end":{"line":133,"column":53}},"69":{"start":{"line":133,"column":9},"end":{"line":133,"column":null}},"70":{"start":{"line":134,"column":9},"end":{"line":134,"column":null}},"71":{"start":{"line":134,"column":59},"end":{"line":134,"column":null}},"72":{"start":{"line":136,"column":15},"end":{"line":136,"column":56}},"73":{"start":{"line":136,"column":9},"end":{"line":136,"column":null}},"74":{"start":{"line":136,"column":56},"end":{"line":136,"column":null}},"75":{"start":{"line":136,"column":9},"end":{"line":136,"column":56}},"76":{"start":{"line":131,"column":11},"end":{"line":131,"column":null}},"77":{"start":{"line":131,"column":28},"end":{"line":131,"column":null}},"78":{"start":{"line":128,"column":5},"end":{"line":128,"column":null}},"79":{"start":{"line":142,"column":8},"end":{"line":142,"column":null}},"80":{"start":{"line":143,"column":10},"end":{"line":142,"column":null}},"81":{"start":{"line":145,"column":15},"end":{"line":143,"column":null}},"82":{"start":{"line":143,"column":7},"end":{"line":143,"column":null}},"83":{"start":{"line":147,"column":7},"end":{"line":147,"column":null}},"84":{"start":{"line":17,"column":6},"end":{"line":147,"column":61}},"85":{"start":{"line":17,"column":29},"end":{"line":147,"column":48}},"86":{"start":{"line":142,"column":5},"end":{"line":142,"column":null}},"87":{"start":{"line":145,"column":9},"end":{"line":145,"column":null}},"88":{"start":{"line":145,"column":54},"end":{"line":145,"column":null}},"89":{"start":{"line":141,"column":7},"end":{"line":141,"column":null}},"90":{"start":{"line":141,"column":22},"end":{"line":141,"column":null}},"91":{"start":{"line":151,"column":6},"end":{"line":151,"column":null}},"92":{"start":{"line":151,"column":3},"end":{"line":151,"column":null}},"93":{"start":{"line":153,"column":10},"end":{"line":153,"column":null}},"94":{"start":{"line":155,"column":15},"end":{"line":153,"column":null}},"95":{"start":{"line":153,"column":7},"end":{"line":153,"column":null}},"96":{"start":{"line":155,"column":9},"end":{"line":155,"column":null}},"97":{"start":{"line":155,"column":55},"end":{"line":155,"column":null}},"98":{"start":{"line":158,"column":7},"end":{"line":161,"column":null}},"99":{"start":{"line":17,"column":6},"end":{"line":159,"column":null}},"100":{"start":{"line":17,"column":29},"end":{"line":159,"column":41}},"101":{"start":{"line":17,"column":6},"end":{"line":160,"column":null}},"102":{"start":{"line":17,"column":29},"end":{"line":160,"column":26}},"103":{"start":{"line":152,"column":10},"end":{"line":152,"column":null}},"104":{"start":{"line":152,"column":39},"end":{"line":152,"column":null}},"105":{"start":{"line":111,"column":1},"end":{"line":111,"column":null}},"106":{"start":{"line":129,"column":7},"end":{"line":129,"column":82}},"107":{"start":{"line":129,"column":7},"end":{"line":129,"column":null}},"108":{"start":{"line":130,"column":7},"end":{"line":130,"column":83}},"109":{"start":{"line":129,"column":7},"end":{"line":129,"column":64}},"110":{"start":{"line":130,"column":7},"end":{"line":130,"column":null}},"111":{"start":{"line":130,"column":83},"end":{"line":130,"column":null}}},"fnMap":{"0":{"name":"CustomSectionEditor","decl":{"start":{"line":1,"column":0},"end":{"line":1,"column":null}},"loc":{"start":{"line":1,"column":0},"end":{"line":109,"column":null}},"line":1},"1":{"name":"dispatchUpdate","decl":{"start":{"line":37,"column":11},"end":{"line":37,"column":25}},"loc":{"start":{"line":37,"column":53},"end":{"line":47,"column":null}},"line":37},"2":{"name":"(anonymous_2)","decl":{"start":{"line":41,"column":37},"end":{"line":41,"column":null}},"loc":{"start":{"line":41,"column":37},"end":{"line":46,"column":5}},"line":41},"3":{"name":"(anonymous_3)","decl":{"start":{"line":44,"column":23},"end":{"line":44,"column":25}},"loc":{"start":{"line":44,"column":23},"end":{"line":44,"column":54}},"line":44},"4":{"name":"flushDispatch","decl":{"start":{"line":50,"column":11},"end":{"line":50,"column":24}},"loc":{"start":{"line":50,"column":52},"end":{"line":55,"column":null}},"line":50},"5":{"name":"(anonymous_5)","decl":{"start":{"line":57,"column":11},"end":{"line":57,"column":18}},"loc":{"start":{"line":57,"column":18},"end":{"line":63,"column":3}},"line":57},"6":{"name":"handleFormElementsUpdate","decl":{"start":{"line":65,"column":11},"end":{"line":65,"column":35}},"loc":{"start":{"line":65,"column":67},"end":{"line":70,"column":null}},"line":65},"7":{"name":"handleItemsUpdate","decl":{"start":{"line":72,"column":11},"end":{"line":72,"column":28}},"loc":{"start":{"line":72,"column":59},"end":{"line":77,"column":null}},"line":72},"8":{"name":"generateId","decl":{"start":{"line":79,"column":11},"end":{"line":79,"column":21}},"loc":{"start":{"line":79,"column":32},"end":{"line":81,"column":null}},"line":79},"9":{"name":"addItem","decl":{"start":{"line":83,"column":11},"end":{"line":83,"column":18}},"loc":{"start":{"line":83,"column":21},"end":{"line":96,"column":null}},"line":83},"10":{"name":"(anonymous_10)","decl":{"start":{"line":89,"column":25},"end":{"line":89,"column":27}},"loc":{"start":{"line":89,"column":33},"end":{"line":91,"column":5}},"line":89},"11":{"name":"handleRename","decl":{"start":{"line":98,"column":11},"end":{"line":98,"column":23}},"loc":{"start":{"line":98,"column":26},"end":{"line":103,"column":null}},"line":98},"12":{"name":"confirmDeleteSection","decl":{"start":{"line":105,"column":11},"end":{"line":105,"column":31}},"loc":{"start":{"line":105,"column":34},"end":{"line":108,"column":null}},"line":105},"13":{"name":"get","decl":{"start":{"line":117,"column":8},"end":{"line":117,"column":18}},"loc":{"start":{"line":117,"column":18},"end":{"line":117,"column":null}},"line":117},"14":{"name":"keydown","decl":{"start":{"line":114,"column":7},"end":{"line":114,"column":null}},"loc":{"start":{"line":119,"column":22},"end":{"line":119,"column":null}},"line":119},"15":{"name":"(anonymous_15)","decl":{"start":{"line":125,"column":9},"end":{"line":125,"column":20}},"loc":{"start":{"line":125,"column":9},"end":{"line":125,"column":null}},"line":125},"16":{"name":"click","decl":{"start":{"line":124,"column":9},"end":{"line":124,"column":48}},"loc":{"start":{"line":124,"column":48},"end":{"line":124,"column":107}},"line":124},"17":{"name":"click_2","decl":{"start":{"line":134,"column":15},"end":{"line":134,"column":59}},"loc":{"start":{"line":134,"column":15},"end":{"line":134,"column":null}},"line":134},"18":{"name":"click_3","decl":{"start":{"line":136,"column":15},"end":{"line":136,"column":56}},"loc":{"start":{"line":136,"column":15},"end":{"line":136,"column":null}},"line":136},"19":{"name":"(anonymous_19)","decl":{"start":{"line":147,"column":7},"end":{"line":147,"column":18}},"loc":{"start":{"line":147,"column":7},"end":{"line":147,"column":null}},"line":147},"20":{"name":"(anonymous_20)","decl":{"start":{"line":17,"column":29},"end":{"line":17,"column":32}},"loc":{"start":{"line":17,"column":29},"end":{"line":147,"column":48}},"line":17},"21":{"name":"click_4","decl":{"start":{"line":145,"column":15},"end":{"line":145,"column":54}},"loc":{"start":{"line":145,"column":15},"end":{"line":145,"column":null}},"line":145},"22":{"name":"click_5","decl":{"start":{"line":155,"column":15},"end":{"line":155,"column":55}},"loc":{"start":{"line":155,"column":15},"end":{"line":155,"column":null}},"line":155},"23":{"name":"(anonymous_23)","decl":{"start":{"line":158,"column":7},"end":{"line":158,"column":null}},"loc":{"start":{"line":158,"column":7},"end":{"line":161,"column":null}},"line":158},"24":{"name":"click_1","decl":{"start":{"line":130,"column":13},"end":{"line":130,"column":49}},"loc":{"start":{"line":130,"column":13},"end":{"line":130,"column":null}},"line":130}},"branchMap":{"0":{"loc":{"start":{"line":40,"column":8},"end":{"line":40,"column":null}},"type":"if","locations":[{"start":{"line":40,"column":8},"end":{"line":40,"column":null}},{"start":{},"end":{}}],"line":40},"1":{"loc":{"start":{"line":52,"column":8},"end":{"line":52,"column":null}},"type":"if","locations":[{"start":{"line":52,"column":8},"end":{"line":52,"column":null}},{"start":{},"end":{}}],"line":52},"2":{"loc":{"start":{"line":59,"column":8},"end":{"line":62,"column":null}},"type":"if","locations":[{"start":{"line":59,"column":8},"end":{"line":62,"column":null}},{"start":{},"end":{}}],"line":59},"3":{"loc":{"start":{"line":84,"column":9},"end":{"line":84,"column":null}},"type":"if","locations":[{"start":{"line":84,"column":9},"end":{"line":84,"column":null}},{"start":{},"end":{}}],"line":84},"4":{"loc":{"start":{"line":90,"column":25},"end":{"line":90,"column":70}},"type":"cond-expr","locations":[{"start":{"line":90,"column":58},"end":{"line":90,"column":65}},{"start":{"line":90,"column":68},"end":{"line":90,"column":70}}],"line":90},"5":{"loc":{"start":{"line":99,"column":8},"end":{"line":101,"column":null}},"type":"if","locations":[{"start":{"line":99,"column":8},"end":{"line":101,"column":null}},{"start":{},"end":{}}],"line":99},"6":{"loc":{"start":{"line":21,"column":10},"end":{"line":23,"column":null}},"type":"if","locations":[{"start":{"line":21,"column":10},"end":{"line":23,"column":null}},{"start":{},"end":{}}],"line":21},"7":{"loc":{"start":{"line":119,"column":27},"end":{"line":119,"column":null}},"type":"binary-expr","locations":[{"start":{"line":119,"column":27},"end":{"line":119,"column":48}},{"start":{"line":119,"column":48},"end":{"line":119,"column":null}}],"line":119},"8":{"loc":{"start":{"line":113,"column":9},"end":{"line":113,"column":null}},"type":"if","locations":[{"start":{"line":113,"column":9},"end":{"line":113,"column":null}},{"start":{"line":113,"column":26},"end":{"line":113,"column":null}}],"line":113},"9":{"loc":{"start":{"line":131,"column":11},"end":{"line":131,"column":null}},"type":"if","locations":[{"start":{"line":131,"column":11},"end":{"line":131,"column":null}},{"start":{"line":131,"column":28},"end":{"line":131,"column":null}}],"line":131},"10":{"loc":{"start":{"line":141,"column":7},"end":{"line":141,"column":null}},"type":"if","locations":[{"start":{"line":141,"column":7},"end":{"line":141,"column":null}},{"start":{},"end":{}}],"line":141},"11":{"loc":{"start":{"line":152,"column":10},"end":{"line":152,"column":null}},"type":"if","locations":[{"start":{"line":152,"column":10},"end":{"line":152,"column":null}},{"start":{"line":152,"column":39},"end":{"line":152,"column":null}}],"line":152},"12":{"loc":{"start":{"line":152,"column":10},"end":{"line":152,"column":null}},"type":"binary-expr","locations":[{"start":{"line":152,"column":10},"end":{"line":152,"column":24}},{"start":{"line":152,"column":19},"end":{"line":152,"column":null}}],"line":152},"13":{"loc":{"start":{"line":129,"column":13},"end":{"line":129,"column":131}},"type":"cond-expr","locations":[{"start":{"line":129,"column":94},"end":{"line":129,"column":110}},{"start":{"line":129,"column":113},"end":{"line":129,"column":131}}],"line":129}},"s":{"0":0,"1":0,"2":0,"3":0,"4":0,"5":0,"6":0,"7":0,"8":0,"9":0,"10":0,"11":0,"12":0,"13":0,"14":0,"15":0,"16":0,"17":0,"18":0,"19":0,"20":0,"21":0,"22":0,"23":0,"24":0,"25":0,"26":0,"27":0,"28":0,"29":0,"30":0,"31":0,"32":0,"33":0,"34":0,"35":0,"36":0,"37":0,"38":0,"39":0,"40":0,"41":0,"42":0,"43":0,"44":0,"45":0,"46":0,"47":0,"48":0,"49":0,"50":0,"51":0,"52":0,"53":0,"54":0,"55":0,"56":0,"57":0,"58":0,"59":0,"60":0,"61":0,"62":0,"63":0,"64":0,"65":0,"66":0,"67":0,"68":0,"69":0,"70":0,"71":0,"72":0,"73":0,"74":0,"75":0,"76":0,"77":0,"78":0,"79":0,"80":0,"81":0,"82":0,"83":0,"84":0,"85":0,"86":0,"87":0,"88":0,"89":0,"90":0,"91":0,"92":0,"93":0,"94":0,"95":0,"96":0,"97":0,"98":0,"99":0,"100":0,"101":0,"102":0,"103":0,"104":0,"105":0,"106":0,"107":0,"108":0,"109":0,"110":0,"111":0},"f":{"0":0,"1":0,"2":0,"3":0,"4":0,"5":0,"6":0,"7":0,"8":0,"9":0,"10":0,"11":0,"12":0,"13":0,"14":0,"15":0,"16":0,"17":0,"18":0,"19":0,"20":0,"21":0,"22":0,"23":0,"24":0},"b":{"0":[0,0],"1":[0,0],"2":[0,0],"3":[0,0],"4":[0,0],"5":[0,0],"6":[0,0],"7":[0,0],"8":[0,0],"9":[0,0],"10":[0,0],"11":[0,0],"12":[0,0],"13":[0,0]},"meta":{"lastBranch":14,"lastFunction":25,"lastStatement":112,"seen":{"f:1:0:1:Infinity":0,"s:8:41:8:Infinity":0,"s:9:32:9:Infinity":1,"s:11:16:11:Infinity":2,"s:17:29:17:Infinity":3,"s:20:24:20:Infinity":4,"s:28:23:28:Infinity":5,"s:29:20:29:Infinity":6,"s:30:21:30:Infinity":7,"s:31:23:31:Infinity":8,"s:35:60:35:64":9,"f:37:11:37:25":1,"s:38:4:38:Infinity":10,"s:39:4:39:Infinity":11,"b:40:8:40:Infinity:undefined:undefined:undefined:undefined":0,"s:40:8:40:Infinity":12,"s:40:23:40:Infinity":13,"s:41:4:46:Infinity":14,"f:41:37:41:Infinity":2,"s:42:6:42:Infinity":15,"s:44:6:44:Infinity":16,"f:44:23:44:25":3,"s:44:25:44:53":17,"s:45:6:45:Infinity":18,"f:50:11:50:24":4,"s:51:4:51:Infinity":19,"b:52:8:52:Infinity:undefined:undefined:undefined:undefined":1,"s:52:8:52:Infinity":20,"s:52:25:52:54":21,"s:52:54:52:76":22,"s:53:4:53:Infinity":23,"s:54:4:54:Infinity":24,"s:57:2:63:Infinity":25,"f:57:11:57:18":5,"b:59:8:62:Infinity:undefined:undefined:undefined:undefined":2,"s:59:8:62:Infinity":26,"s:60:6:60:Infinity":27,"s:61:6:61:Infinity":28,"f:65:11:65:35":6,"s:66:4:68:Infinity":29,"f:72:11:72:28":7,"s:73:4:75:Infinity":30,"f:79:11:79:21":8,"s:80:11:80:Infinity":31,"f:83:11:83:18":9,"b:84:9:84:Infinity:undefined:undefined:undefined:undefined":3,"s:84:9:84:Infinity":32,"s:84:18:84:Infinity":33,"s:85:29:87:Infinity":34,"s:89:4:91:Infinity":35,"f:89:25:89:27":10,"s:90:6:90:Infinity":36,"b:90:58:90:65:90:68:90:70":4,"s:92:4:94:Infinity":37,"f:98:11:98:23":11,"b:99:8:101:Infinity:undefined:undefined:undefined:undefined":5,"s:99:8:101:Infinity":38,"s:100:6:100:Infinity":39,"s:102:4:102:Infinity":40,"f:105:11:105:31":12,"s:106:4:106:Infinity":41,"s:107:4:107:Infinity":42,"b:21:10:23:Infinity:undefined:undefined:undefined:undefined":6,"s:21:10:23:Infinity":43,"s:22:4:22:Infinity":44,"s:25:5:25:Infinity":45,"s:26:5:26:Infinity":46,"s:111:4:111:Infinity":47,"s:112:6:111:Infinity":48,"s:112:3:112:Infinity":49,"s:114:7:114:Infinity":50,"f:117:8:117:18":13,"s:117:20:117:Infinity":51,"s:114:7:118:Infinity":52,"s:114:7:119:Infinity":53,"f:114:7:114:Infinity":14,"s:119:27:119:Infinity":54,"b:119:27:119:48:119:48:119:Infinity":7,"s:124:9:124:48":55,"s:124:7:124:48":56,"s:125:9:125:Infinity":57,"f:125:9:125:20":15,"s:124:7:124:Infinity":58,"f:124:9:124:48":16,"s:124:50:124:76":59,"s:124:76:124:106":60,"b:113:9:113:Infinity:113:26:113:Infinity":8,"s:113:9:113:Infinity":61,"s:113:26:113:Infinity":62,"s:128:8:128:Infinity":63,"s:129:13:128:Infinity":64,"s:130:13:129:44":65,"s:130:7:130:49":66,"s:133:15:133:53":67,"s:134:15:133:53":68,"s:133:9:133:Infinity":69,"s:134:9:134:Infinity":70,"f:134:15:134:59":17,"s:134:59:134:Infinity":71,"s:136:15:136:56":72,"s:136:9:136:Infinity":73,"f:136:15:136:56":18,"s:136:56:136:Infinity":74,"s:136:9:136:56":75,"b:131:11:131:Infinity:131:28:131:Infinity":9,"s:131:11:131:Infinity":76,"s:131:28:131:Infinity":77,"s:128:5:128:Infinity":78,"s:142:8:142:Infinity":79,"s:143:10:142:Infinity":80,"s:145:15:143:Infinity":81,"s:143:7:143:Infinity":82,"f:147:7:147:18":19,"s:147:7:147:Infinity":83,"s:17:6:147:61":84,"f:17:29:17:32":20,"s:17:29:147:48":85,"s:142:5:142:Infinity":86,"s:145:9:145:Infinity":87,"f:145:15:145:54":21,"s:145:54:145:Infinity":88,"b:141:7:141:Infinity:undefined:undefined:undefined:undefined":10,"s:141:7:141:Infinity":89,"s:141:22:141:Infinity":90,"s:151:6:151:Infinity":91,"s:151:3:151:Infinity":92,"s:153:10:153:Infinity":93,"s:155:15:153:Infinity":94,"s:153:7:153:Infinity":95,"s:155:9:155:Infinity":96,"f:155:15:155:55":22,"s:155:55:155:Infinity":97,"f:158:7:158:Infinity":23,"s:158:7:161:Infinity":98,"s:17:6:159:Infinity":99,"s:17:29:159:41":100,"s:17:6:160:Infinity":101,"s:17:29:160:26":102,"b:152:10:152:Infinity:152:39:152:Infinity":11,"s:152:10:152:Infinity":103,"b:152:10:152:24:152:19:152:Infinity":12,"s:152:39:152:Infinity":104,"s:111:1:111:Infinity":105,"s:129:7:129:82":106,"s:129:7:129:Infinity":107,"b:129:94:129:110:129:113:129:131":13,"s:130:7:130:83":108,"s:129:7:129:64":109,"s:130:7:130:Infinity":110,"f:130:13:130:49":24,"s:130:83:130:Infinity":111}}}
,"C:\\git\\honey-did\\src\\lib\\components\\CustomSubsections.svelte": {"path":"C:\\git\\honey-did\\src\\lib\\components\\CustomSubsections.svelte","statementMap":{"0":{"start":{"line":5,"column":29},"end":{"line":5,"column":null}},"1":{"start":{"line":11,"column":23},"end":{"line":11,"column":null}},"2":{"start":{"line":12,"column":19},"end":{"line":12,"column":null}},"3":{"start":{"line":15,"column":11},"end":{"line":15,"column":null}},"4":{"start":{"line":19,"column":9},"end":{"line":19,"column":null}},"5":{"start":{"line":19,"column":43},"end":{"line":19,"column":null}},"6":{"start":{"line":21,"column":41},"end":{"line":25,"column":null}},"7":{"start":{"line":28,"column":8},"end":{"line":44,"column":null}},"8":{"start":{"line":29,"column":6},"end":{"line":33,"column":null}},"9":{"start":{"line":30,"column":47},"end":{"line":33,"column":null}},"10":{"start":{"line":37,"column":37},"end":{"line":41,"column":null}},"11":{"start":{"line":43,"column":6},"end":{"line":43,"column":null}},"12":{"start":{"line":46,"column":4},"end":{"line":46,"column":null}},"13":{"start":{"line":47,"column":4},"end":{"line":47,"column":null}},"14":{"start":{"line":51,"column":9},"end":{"line":51,"column":null}},"15":{"start":{"line":51,"column":36},"end":{"line":51,"column":null}},"16":{"start":{"line":52,"column":4},"end":{"line":56,"column":null}},"17":{"start":{"line":53,"column":45},"end":{"line":56,"column":null}},"18":{"start":{"line":55,"column":54},"end":{"line":55,"column":97}},"19":{"start":{"line":62,"column":9},"end":{"line":62,"column":null}},"20":{"start":{"line":62,"column":36},"end":{"line":62,"column":null}},"21":{"start":{"line":63,"column":4},"end":{"line":67,"column":null}},"22":{"start":{"line":64,"column":45},"end":{"line":67,"column":null}},"23":{"start":{"line":66,"column":57},"end":{"line":66,"column":null}},"24":{"start":{"line":73,"column":9},"end":{"line":73,"column":null}},"25":{"start":{"line":73,"column":36},"end":{"line":73,"column":null}},"26":{"start":{"line":74,"column":4},"end":{"line":78,"column":null}},"27":{"start":{"line":75,"column":45},"end":{"line":78,"column":null}},"28":{"start":{"line":77,"column":54},"end":{"line":77,"column":115}},"29":{"start":{"line":8,"column":5},"end":{"line":8,"column":null}},"30":{"start":{"line":8,"column":72},"end":{"line":8,"column":null}},"31":{"start":{"line":9,"column":5},"end":{"line":9,"column":null}},"32":{"start":{"line":85,"column":7},"end":{"line":91,"column":null}},"33":{"start":{"line":85,"column":7},"end":{"line":85,"column":28}},"34":{"start":{"line":85,"column":40},"end":{"line":85,"column":53}},"35":{"start":{"line":86,"column":3},"end":{"line":91,"column":null}},"36":{"start":{"line":87,"column":5},"end":{"line":87,"column":null}},"37":{"start":{"line":85,"column":28},"end":{"line":88,"column":null}},"38":{"start":{"line":85,"column":38},"end":{"line":88,"column":32}},"39":{"start":{"line":89,"column":22},"end":{"line":89,"column":null}},"40":{"start":{"line":90,"column":21},"end":{"line":90,"column":null}},"41":{"start":{"line":91,"column":22},"end":{"line":91,"column":null}},"42":{"start":{"line":97,"column":6},"end":{"line":97,"column":null}},"43":{"start":{"line":98,"column":5},"end":{"line":97,"column":null}},"44":{"start":{"line":98,"column":5},"end":{"line":98,"column":null}},"45":{"start":{"line":105,"column":8},"end":{"line":98,"column":null}},"46":{"start":{"line":106,"column":13},"end":{"line":105,"column":null}},"47":{"start":{"line":107,"column":13},"end":{"line":106,"column":49}},"48":{"start":{"line":105,"column":5},"end":{"line":105,"column":null}},"49":{"start":{"line":97,"column":3},"end":{"line":97,"column":null}},"50":{"start":{"line":102,"column":18},"end":{"line":102,"column":null}},"51":{"start":{"line":98,"column":5},"end":{"line":103,"column":null}},"52":{"start":{"line":103,"column":25},"end":{"line":103,"column":null}},"53":{"start":{"line":106,"column":7},"end":{"line":106,"column":null}},"54":{"start":{"line":106,"column":51},"end":{"line":106,"column":78}},"55":{"start":{"line":106,"column":78},"end":{"line":106,"column":98}},"56":{"start":{"line":107,"column":7},"end":{"line":107,"column":null}},"57":{"start":{"line":111,"column":9},"end":{"line":111,"column":50}},"58":{"start":{"line":111,"column":3},"end":{"line":111,"column":null}},"59":{"start":{"line":111,"column":50},"end":{"line":111,"column":null}},"60":{"start":{"line":111,"column":3},"end":{"line":111,"column":50}},"61":{"start":{"line":96,"column":5},"end":{"line":96,"column":null}},"62":{"start":{"line":96,"column":22},"end":{"line":96,"column":null}}},"fnMap":{"0":{"name":"CustomSubsections","decl":{"start":{"line":1,"column":0},"end":{"line":1,"column":null}},"loc":{"start":{"line":1,"column":0},"end":{"line":82,"column":null}},"line":1},"1":{"name":"generateId","decl":{"start":{"line":14,"column":11},"end":{"line":14,"column":21}},"loc":{"start":{"line":14,"column":32},"end":{"line":16,"column":null}},"line":14},"2":{"name":"addCustomSubsection","decl":{"start":{"line":18,"column":11},"end":{"line":18,"column":30}},"loc":{"start":{"line":18,"column":33},"end":{"line":48,"column":null}},"line":18},"3":{"name":"(anonymous_3)","decl":{"start":{"line":30,"column":45},"end":{"line":30,"column":46}},"loc":{"start":{"line":30,"column":47},"end":{"line":33,"column":null}},"line":30},"4":{"name":"updateCustomSubsection","decl":{"start":{"line":50,"column":11},"end":{"line":50,"column":33}},"loc":{"start":{"line":50,"column":83},"end":{"line":59,"column":null}},"line":50},"5":{"name":"(anonymous_5)","decl":{"start":{"line":53,"column":43},"end":{"line":53,"column":44}},"loc":{"start":{"line":53,"column":45},"end":{"line":56,"column":null}},"line":53},"6":{"name":"(anonymous_6)","decl":{"start":{"line":55,"column":50},"end":{"line":55,"column":51}},"loc":{"start":{"line":55,"column":54},"end":{"line":55,"column":97}},"line":55},"7":{"name":"deleteCustomSubsection","decl":{"start":{"line":61,"column":11},"end":{"line":61,"column":33}},"loc":{"start":{"line":61,"column":56},"end":{"line":70,"column":null}},"line":61},"8":{"name":"(anonymous_8)","decl":{"start":{"line":64,"column":43},"end":{"line":64,"column":44}},"loc":{"start":{"line":64,"column":45},"end":{"line":67,"column":null}},"line":64},"9":{"name":"(anonymous_9)","decl":{"start":{"line":66,"column":53},"end":{"line":66,"column":54}},"loc":{"start":{"line":66,"column":57},"end":{"line":66,"column":null}},"line":66},"10":{"name":"renameCustomSubsection","decl":{"start":{"line":72,"column":11},"end":{"line":72,"column":33}},"loc":{"start":{"line":72,"column":73},"end":{"line":81,"column":null}},"line":72},"11":{"name":"(anonymous_11)","decl":{"start":{"line":75,"column":43},"end":{"line":75,"column":44}},"loc":{"start":{"line":75,"column":45},"end":{"line":78,"column":null}},"line":75},"12":{"name":"(anonymous_12)","decl":{"start":{"line":77,"column":50},"end":{"line":77,"column":51}},"loc":{"start":{"line":77,"column":54},"end":{"line":77,"column":115}},"line":77},"13":{"name":"(anonymous_13)","decl":{"start":{"line":8,"column":54},"end":{"line":8,"column":56}},"loc":{"start":{"line":8,"column":72},"end":{"line":8,"column":null}},"line":8},"14":{"name":"(anonymous_14)","decl":{"start":{"line":85,"column":7},"end":{"line":85,"column":24}},"loc":{"start":{"line":85,"column":7},"end":{"line":91,"column":null}},"line":85},"15":{"name":"(anonymous_15)","decl":{"start":{"line":85,"column":24},"end":{"line":85,"column":28}},"loc":{"start":{"line":85,"column":40},"end":{"line":85,"column":53}},"line":85},"16":{"name":"(anonymous_16)","decl":{"start":{"line":85,"column":53},"end":{"line":85,"column":null}},"loc":{"start":{"line":85,"column":38},"end":{"line":91,"column":null}},"line":85},"17":{"name":"(anonymous_17)","decl":{"start":{"line":86,"column":3},"end":{"line":86,"column":null}},"loc":{"start":{"line":86,"column":3},"end":{"line":91,"column":null}},"line":86},"18":{"name":"(anonymous_18)","decl":{"start":{"line":85,"column":38},"end":{"line":85,"column":40}},"loc":{"start":{"line":85,"column":38},"end":{"line":88,"column":32}},"line":85},"19":{"name":"(anonymous_19)","decl":{"start":{"line":89,"column":16},"end":{"line":89,"column":17}},"loc":{"start":{"line":89,"column":22},"end":{"line":89,"column":null}},"line":89},"20":{"name":"(anonymous_20)","decl":{"start":{"line":90,"column":21},"end":{"line":90,"column":43}},"loc":{"start":{"line":90,"column":21},"end":{"line":90,"column":null}},"line":90},"21":{"name":"(anonymous_21)","decl":{"start":{"line":91,"column":16},"end":{"line":91,"column":17}},"loc":{"start":{"line":91,"column":22},"end":{"line":91,"column":null}},"line":91},"22":{"name":"get","decl":{"start":{"line":102,"column":6},"end":{"line":102,"column":16}},"loc":{"start":{"line":102,"column":16},"end":{"line":102,"column":null}},"line":102},"23":{"name":"keydown","decl":{"start":{"line":98,"column":5},"end":{"line":98,"column":null}},"loc":{"start":{"line":103,"column":20},"end":{"line":103,"column":null}},"line":103},"24":{"name":"click","decl":{"start":{"line":106,"column":13},"end":{"line":106,"column":49}},"loc":{"start":{"line":106,"column":49},"end":{"line":106,"column":99}},"line":106},"25":{"name":"click_1","decl":{"start":{"line":111,"column":9},"end":{"line":111,"column":50}},"loc":{"start":{"line":111,"column":9},"end":{"line":111,"column":null}},"line":111}},"branchMap":{"0":{"loc":{"start":{"line":19,"column":9},"end":{"line":19,"column":null}},"type":"if","locations":[{"start":{"line":19,"column":9},"end":{"line":19,"column":null}},{"start":{},"end":{}}],"line":19},"1":{"loc":{"start":{"line":19,"column":9},"end":{"line":19,"column":null}},"type":"binary-expr","locations":[{"start":{"line":19,"column":9},"end":{"line":19,"column":34}},{"start":{"line":19,"column":27},"end":{"line":19,"column":null}}],"line":19},"2":{"loc":{"start":{"line":28,"column":8},"end":{"line":44,"column":null}},"type":"if","locations":[{"start":{"line":28,"column":8},"end":{"line":44,"column":null}},{"start":{"line":36,"column":11},"end":{"line":44,"column":null}}],"line":28},"3":{"loc":{"start":{"line":30,"column":9},"end":{"line":30,"column":42}},"type":"binary-expr","locations":[{"start":{"line":30,"column":9},"end":{"line":30,"column":34}},{"start":{"line":30,"column":34},"end":{"line":30,"column":42}}],"line":30},"4":{"loc":{"start":{"line":30,"column":47},"end":{"line":33,"column":null}},"type":"cond-expr","locations":[{"start":{"line":32,"column":19},"end":{"line":32,"column":null}},{"start":{"line":33,"column":14},"end":{"line":33,"column":null}}],"line":30},"5":{"loc":{"start":{"line":43,"column":53},"end":{"line":43,"column":87}},"type":"binary-expr","locations":[{"start":{"line":43,"column":53},"end":{"line":43,"column":78}},{"start":{"line":43,"column":78},"end":{"line":43,"column":87}}],"line":43},"6":{"loc":{"start":{"line":51,"column":9},"end":{"line":51,"column":null}},"type":"if","locations":[{"start":{"line":51,"column":9},"end":{"line":51,"column":null}},{"start":{},"end":{}}],"line":51},"7":{"loc":{"start":{"line":51,"column":9},"end":{"line":51,"column":null}},"type":"binary-expr","locations":[{"start":{"line":51,"column":9},"end":{"line":51,"column":23}},{"start":{"line":51,"column":18},"end":{"line":51,"column":null}}],"line":51},"8":{"loc":{"start":{"line":53,"column":7},"end":{"line":53,"column":40}},"type":"binary-expr","locations":[{"start":{"line":53,"column":7},"end":{"line":53,"column":32}},{"start":{"line":53,"column":32},"end":{"line":53,"column":40}}],"line":53},"9":{"loc":{"start":{"line":53,"column":45},"end":{"line":56,"column":null}},"type":"cond-expr","locations":[{"start":{"line":56,"column":12},"end":{"line":56,"column":null}}],"line":53},"10":{"loc":{"start":{"line":55,"column":54},"end":{"line":55,"column":97}},"type":"cond-expr","locations":[{"start":{"line":55,"column":84},"end":{"line":55,"column":91}},{"start":{"line":55,"column":94},"end":{"line":55,"column":97}}],"line":55},"11":{"loc":{"start":{"line":62,"column":9},"end":{"line":62,"column":null}},"type":"if","locations":[{"start":{"line":62,"column":9},"end":{"line":62,"column":null}},{"start":{},"end":{}}],"line":62},"12":{"loc":{"start":{"line":62,"column":9},"end":{"line":62,"column":null}},"type":"binary-expr","locations":[{"start":{"line":62,"column":9},"end":{"line":62,"column":23}},{"start":{"line":62,"column":18},"end":{"line":62,"column":null}}],"line":62},"13":{"loc":{"start":{"line":64,"column":7},"end":{"line":64,"column":40}},"type":"binary-expr","locations":[{"start":{"line":64,"column":7},"end":{"line":64,"column":32}},{"start":{"line":64,"column":32},"end":{"line":64,"column":40}}],"line":64},"14":{"loc":{"start":{"line":64,"column":45},"end":{"line":67,"column":null}},"type":"cond-expr","locations":[{"start":{"line":67,"column":12},"end":{"line":67,"column":null}}],"line":64},"15":{"loc":{"start":{"line":73,"column":9},"end":{"line":73,"column":null}},"type":"if","locations":[{"start":{"line":73,"column":9},"end":{"line":73,"column":null}},{"start":{},"end":{}}],"line":73},"16":{"loc":{"start":{"line":73,"column":9},"end":{"line":73,"column":null}},"type":"binary-expr","locations":[{"start":{"line":73,"column":9},"end":{"line":73,"column":23}},{"start":{"line":73,"column":18},"end":{"line":73,"column":null}}],"line":73},"17":{"loc":{"start":{"line":75,"column":7},"end":{"line":75,"column":40}},"type":"binary-expr","locations":[{"start":{"line":75,"column":7},"end":{"line":75,"column":32}},{"start":{"line":75,"column":32},"end":{"line":75,"column":40}}],"line":75},"18":{"loc":{"start":{"line":75,"column":45},"end":{"line":78,"column":null}},"type":"cond-expr","locations":[{"start":{"line":78,"column":12},"end":{"line":78,"column":null}}],"line":75},"19":{"loc":{"start":{"line":77,"column":54},"end":{"line":77,"column":115}},"type":"cond-expr","locations":[{"start":{"line":77,"column":81},"end":{"line":77,"column":112}},{"start":{"line":77,"column":112},"end":{"line":77,"column":115}}],"line":77},"20":{"loc":{"start":{"line":8,"column":22},"end":{"line":8,"column":50}},"type":"binary-expr","locations":[{"start":{"line":8,"column":22},"end":{"line":8,"column":50}},{"start":{"line":8,"column":42},"end":{"line":8,"column":50}}],"line":8},"21":{"loc":{"start":{"line":9,"column":22},"end":{"line":9,"column":null}},"type":"binary-expr","locations":[{"start":{"line":9,"column":22},"end":{"line":9,"column":51}},{"start":{"line":9,"column":51},"end":{"line":9,"column":null}}],"line":9},"22":{"loc":{"start":{"line":103,"column":25},"end":{"line":103,"column":null}},"type":"binary-expr","locations":[{"start":{"line":103,"column":25},"end":{"line":103,"column":46}},{"start":{"line":103,"column":46},"end":{"line":103,"column":null}}],"line":103},"23":{"loc":{"start":{"line":96,"column":5},"end":{"line":96,"column":null}},"type":"if","locations":[{"start":{"line":96,"column":5},"end":{"line":96,"column":null}},{"start":{"line":96,"column":22},"end":{"line":96,"column":null}}],"line":96}},"s":{"0":0,"1":0,"2":0,"3":0,"4":0,"5":0,"6":0,"7":0,"8":0,"9":0,"10":0,"11":0,"12":0,"13":0,"14":0,"15":0,"16":0,"17":0,"18":0,"19":0,"20":0,"21":0,"22":0,"23":0,"24":0,"25":0,"26":0,"27":0,"28":0,"29":0,"30":0,"31":0,"32":0,"33":0,"34":0,"35":0,"36":0,"37":0,"38":0,"39":0,"40":0,"41":0,"42":0,"43":0,"44":0,"45":0,"46":0,"47":0,"48":0,"49":0,"50":0,"51":0,"52":0,"53":0,"54":0,"55":0,"56":0,"57":0,"58":0,"59":0,"60":0,"61":0,"62":0},"f":{"0":0,"1":0,"2":0,"3":0,"4":0,"5":0,"6":0,"7":0,"8":0,"9":0,"10":0,"11":0,"12":0,"13":0,"14":0,"15":0,"16":0,"17":0,"18":0,"19":0,"20":0,"21":0,"22":0,"23":0,"24":0,"25":0},"b":{"0":[0,0],"1":[0,0],"2":[0,0],"3":[0,0],"4":[0,0],"5":[0,0],"6":[0,0],"7":[0,0],"8":[0,0],"9":[0],"10":[0,0],"11":[0,0],"12":[0,0],"13":[0,0],"14":[0],"15":[0,0],"16":[0,0],"17":[0,0],"18":[0],"19":[0,0],"20":[0,0],"21":[0,0],"22":[0,0],"23":[0,0]},"meta":{"lastBranch":24,"lastFunction":26,"lastStatement":63,"seen":{"f:1:0:1:Infinity":0,"s:5:29:5:Infinity":0,"s:11:23:11:Infinity":1,"s:12:19:12:Infinity":2,"f:14:11:14:21":1,"s:15:11:15:Infinity":3,"f:18:11:18:30":2,"b:19:9:19:Infinity:undefined:undefined:undefined:undefined":0,"s:19:9:19:Infinity":4,"b:19:9:19:34:19:27:19:Infinity":1,"s:19:43:19:Infinity":5,"s:21:41:25:Infinity":6,"b:28:8:44:Infinity:36:11:44:Infinity":2,"s:28:8:44:Infinity":7,"s:29:6:33:Infinity":8,"b:30:9:30:34:30:34:30:42":3,"f:30:45:30:46":3,"s:30:47:33:Infinity":9,"b:32:19:32:Infinity:33:14:33:Infinity":4,"s:37:37:41:Infinity":10,"s:43:6:43:Infinity":11,"b:43:53:43:78:43:78:43:87":5,"s:46:4:46:Infinity":12,"s:47:4:47:Infinity":13,"f:50:11:50:33":4,"b:51:9:51:Infinity:undefined:undefined:undefined:undefined":6,"s:51:9:51:Infinity":14,"b:51:9:51:23:51:18:51:Infinity":7,"s:51:36:51:Infinity":15,"s:52:4:56:Infinity":16,"b:53:7:53:32:53:32:53:40":8,"f:53:43:53:44":5,"s:53:45:56:Infinity":17,"b:56:12:56:Infinity":9,"f:55:50:55:51":6,"s:55:54:55:97":18,"b:55:84:55:91:55:94:55:97":10,"f:61:11:61:33":7,"b:62:9:62:Infinity:undefined:undefined:undefined:undefined":11,"s:62:9:62:Infinity":19,"b:62:9:62:23:62:18:62:Infinity":12,"s:62:36:62:Infinity":20,"s:63:4:67:Infinity":21,"b:64:7:64:32:64:32:64:40":13,"f:64:43:64:44":8,"s:64:45:67:Infinity":22,"b:67:12:67:Infinity":14,"f:66:53:66:54":9,"s:66:57:66:Infinity":23,"f:72:11:72:33":10,"b:73:9:73:Infinity:undefined:undefined:undefined:undefined":15,"s:73:9:73:Infinity":24,"b:73:9:73:23:73:18:73:Infinity":16,"s:73:36:73:Infinity":25,"s:74:4:78:Infinity":26,"b:75:7:75:32:75:32:75:40":17,"f:75:43:75:44":11,"s:75:45:78:Infinity":27,"b:78:12:78:Infinity":18,"f:77:50:77:51":12,"s:77:54:77:115":28,"b:77:81:77:112:77:112:77:115":19,"s:8:5:8:Infinity":29,"b:8:22:8:50:8:42:8:50":20,"f:8:54:8:56":13,"s:8:72:8:Infinity":30,"s:9:5:9:Infinity":31,"b:9:22:9:51:9:51:9:Infinity":21,"f:85:7:85:24":14,"s:85:7:91:Infinity":32,"s:85:7:85:28":33,"f:85:24:85:28":15,"s:85:40:85:53":34,"f:85:53:85:Infinity":16,"f:86:3:86:Infinity":17,"s:86:3:91:Infinity":35,"s:87:5:87:Infinity":36,"s:85:28:88:Infinity":37,"f:85:38:85:40":18,"s:85:38:88:32":38,"f:89:16:89:17":19,"s:89:22:89:Infinity":39,"f:90:21:90:43":20,"s:90:21:90:Infinity":40,"f:91:16:91:17":21,"s:91:22:91:Infinity":41,"s:97:6:97:Infinity":42,"s:98:5:97:Infinity":43,"s:98:5:98:Infinity":44,"s:105:8:98:Infinity":45,"s:106:13:105:Infinity":46,"s:107:13:106:49":47,"s:105:5:105:Infinity":48,"s:97:3:97:Infinity":49,"f:102:6:102:16":22,"s:102:18:102:Infinity":50,"s:98:5:103:Infinity":51,"f:98:5:98:Infinity":23,"s:103:25:103:Infinity":52,"b:103:25:103:46:103:46:103:Infinity":22,"s:106:7:106:Infinity":53,"f:106:13:106:49":24,"s:106:51:106:78":54,"s:106:78:106:98":55,"s:107:7:107:Infinity":56,"s:111:9:111:50":57,"s:111:3:111:Infinity":58,"f:111:9:111:50":25,"s:111:50:111:Infinity":59,"s:111:3:111:50":60,"b:96:5:96:Infinity:96:22:96:Infinity":23,"s:96:5:96:Infinity":61,"s:96:22:96:Infinity":62}}}
,"C:\\git\\honey-did\\src\\lib\\components\\ExportDialog.svelte": {"path":"C:\\git\\honey-did\\src\\lib\\components\\ExportDialog.svelte","statementMap":{"0":{"start":{"line":10,"column":11},"end":{"line":11,"column":null}},"1":{"start":{"line":15,"column":14},"end":{"line":15,"column":null}},"2":{"start":{"line":16,"column":18},"end":{"line":16,"column":null}},"3":{"start":{"line":18,"column":8},"end":{"line":39,"column":null}},"4":{"start":{"line":21,"column":21},"end":{"line":23,"column":null}},"5":{"start":{"line":25,"column":12},"end":{"line":27,"column":null}},"6":{"start":{"line":29,"column":13},"end":{"line":29,"column":null}},"7":{"start":{"line":32,"column":20},"end":{"line":34,"column":null}},"8":{"start":{"line":36,"column":11},"end":{"line":36,"column":null}},"9":{"start":{"line":36,"column":19},"end":{"line":36,"column":null}},"10":{"start":{"line":37,"column":12},"end":{"line":37,"column":null}},"11":{"start":{"line":38,"column":13},"end":{"line":38,"column":null}},"12":{"start":{"line":42,"column":19},"end":{"line":42,"column":null}},"13":{"start":{"line":44,"column":16},"end":{"line":44,"column":null}},"14":{"start":{"line":46,"column":16},"end":{"line":46,"column":null}},"15":{"start":{"line":47,"column":23},"end":{"line":47,"column":null}},"16":{"start":{"line":48,"column":18},"end":{"line":48,"column":null}},"17":{"start":{"line":49,"column":26},"end":{"line":49,"column":null}},"18":{"start":{"line":50,"column":17},"end":{"line":50,"column":null}},"19":{"start":{"line":51,"column":11},"end":{"line":51,"column":null}},"20":{"start":{"line":52,"column":20},"end":{"line":52,"column":null}},"21":{"start":{"line":74,"column":9},"end":{"line":74,"column":null}},"22":{"start":{"line":74,"column":13},"end":{"line":74,"column":null}},"23":{"start":{"line":75,"column":16},"end":{"line":75,"column":17}},"24":{"start":{"line":76,"column":8},"end":{"line":76,"column":null}},"25":{"start":{"line":76,"column":26},"end":{"line":76,"column":null}},"26":{"start":{"line":77,"column":8},"end":{"line":77,"column":null}},"27":{"start":{"line":77,"column":27},"end":{"line":77,"column":null}},"28":{"start":{"line":78,"column":8},"end":{"line":78,"column":null}},"29":{"start":{"line":78,"column":27},"end":{"line":78,"column":null}},"30":{"start":{"line":79,"column":8},"end":{"line":79,"column":null}},"31":{"start":{"line":79,"column":50},"end":{"line":79,"column":null}},"32":{"start":{"line":80,"column":8},"end":{"line":80,"column":null}},"33":{"start":{"line":80,"column":25},"end":{"line":80,"column":null}},"34":{"start":{"line":81,"column":8},"end":{"line":81,"column":null}},"35":{"start":{"line":81,"column":35},"end":{"line":81,"column":null}},"36":{"start":{"line":82,"column":8},"end":{"line":82,"column":null}},"37":{"start":{"line":82,"column":59},"end":{"line":82,"column":null}},"38":{"start":{"line":84,"column":8},"end":{"line":84,"column":null}},"39":{"start":{"line":84,"column":18},"end":{"line":84,"column":null}},"40":{"start":{"line":85,"column":8},"end":{"line":85,"column":null}},"41":{"start":{"line":85,"column":18},"end":{"line":85,"column":null}},"42":{"start":{"line":86,"column":8},"end":{"line":86,"column":null}},"43":{"start":{"line":86,"column":18},"end":{"line":86,"column":null}},"44":{"start":{"line":87,"column":13},"end":{"line":87,"column":null}},"45":{"start":{"line":91,"column":8},"end":{"line":96,"column":null}},"46":{"start":{"line":92,"column":6},"end":{"line":92,"column":null}},"47":{"start":{"line":93,"column":6},"end":{"line":93,"column":null}},"48":{"start":{"line":95,"column":6},"end":{"line":95,"column":null}},"49":{"start":{"line":100,"column":9},"end":{"line":100,"column":null}},"50":{"start":{"line":100,"column":27},"end":{"line":100,"column":null}},"51":{"start":{"line":102,"column":4},"end":{"line":102,"column":null}},"52":{"start":{"line":103,"column":4},"end":{"line":103,"column":null}},"53":{"start":{"line":104,"column":4},"end":{"line":104,"column":null}},"54":{"start":{"line":106,"column":8},"end":{"line":139,"column":null}},"55":{"start":{"line":107,"column":16},"end":{"line":109,"column":null}},"56":{"start":{"line":112,"column":11},"end":{"line":114,"column":null}},"57":{"start":{"line":113,"column":18},"end":{"line":113,"column":null}},"58":{"start":{"line":116,"column":20},"end":{"line":116,"column":null}},"59":{"start":{"line":117,"column":11},"end":{"line":120,"column":null}},"60":{"start":{"line":118,"column":8},"end":{"line":118,"column":null}},"61":{"start":{"line":122,"column":10},"end":{"line":131,"column":null}},"62":{"start":{"line":123,"column":23},"end":{"line":123,"column":null}},"63":{"start":{"line":124,"column":27},"end":{"line":124,"column":null}},"64":{"start":{"line":125,"column":8},"end":{"line":125,"column":null}},"65":{"start":{"line":126,"column":8},"end":{"line":126,"column":null}},"66":{"start":{"line":127,"column":8},"end":{"line":127,"column":null}},"67":{"start":{"line":128,"column":8},"end":{"line":128,"column":null}},"68":{"start":{"line":129,"column":8},"end":{"line":129,"column":null}},"69":{"start":{"line":130,"column":8},"end":{"line":130,"column":null}},"70":{"start":{"line":133,"column":6},"end":{"line":133,"column":null}},"71":{"start":{"line":134,"column":6},"end":{"line":134,"column":null}},"72":{"start":{"line":136,"column":6},"end":{"line":136,"column":null}},"73":{"start":{"line":138,"column":6},"end":{"line":138,"column":null}},"74":{"start":{"line":143,"column":9},"end":{"line":143,"column":null}},"75":{"start":{"line":143,"column":28},"end":{"line":143,"column":null}},"76":{"start":{"line":145,"column":4},"end":{"line":145,"column":null}},"77":{"start":{"line":146,"column":4},"end":{"line":146,"column":null}},"78":{"start":{"line":147,"column":4},"end":{"line":147,"column":null}},"79":{"start":{"line":149,"column":8},"end":{"line":182,"column":null}},"80":{"start":{"line":150,"column":16},"end":{"line":152,"column":null}},"81":{"start":{"line":155,"column":11},"end":{"line":157,"column":null}},"82":{"start":{"line":156,"column":18},"end":{"line":156,"column":null}},"83":{"start":{"line":159,"column":20},"end":{"line":159,"column":null}},"84":{"start":{"line":160,"column":11},"end":{"line":163,"column":null}},"85":{"start":{"line":161,"column":8},"end":{"line":161,"column":null}},"86":{"start":{"line":165,"column":10},"end":{"line":174,"column":null}},"87":{"start":{"line":166,"column":23},"end":{"line":166,"column":null}},"88":{"start":{"line":167,"column":27},"end":{"line":167,"column":null}},"89":{"start":{"line":168,"column":8},"end":{"line":168,"column":null}},"90":{"start":{"line":169,"column":8},"end":{"line":169,"column":null}},"91":{"start":{"line":170,"column":8},"end":{"line":170,"column":null}},"92":{"start":{"line":171,"column":8},"end":{"line":171,"column":null}},"93":{"start":{"line":172,"column":8},"end":{"line":172,"column":null}},"94":{"start":{"line":173,"column":8},"end":{"line":173,"column":null}},"95":{"start":{"line":176,"column":6},"end":{"line":176,"column":null}},"96":{"start":{"line":177,"column":6},"end":{"line":177,"column":null}},"97":{"start":{"line":179,"column":6},"end":{"line":179,"column":null}},"98":{"start":{"line":181,"column":6},"end":{"line":181,"column":null}},"99":{"start":{"line":186,"column":4},"end":{"line":186,"column":null}},"100":{"start":{"line":187,"column":4},"end":{"line":187,"column":null}},"101":{"start":{"line":188,"column":4},"end":{"line":188,"column":null}},"102":{"start":{"line":189,"column":4},"end":{"line":189,"column":null}},"103":{"start":{"line":190,"column":4},"end":{"line":190,"column":null}},"104":{"start":{"line":191,"column":4},"end":{"line":191,"column":null}},"105":{"start":{"line":192,"column":4},"end":{"line":192,"column":null}},"106":{"start":{"line":55,"column":5},"end":{"line":55,"column":null}},"107":{"start":{"line":55,"column":70},"end":{"line":55,"column":null}},"108":{"start":{"line":56,"column":5},"end":{"line":56,"column":null}},"109":{"start":{"line":56,"column":69},"end":{"line":56,"column":null}},"110":{"start":{"line":57,"column":5},"end":{"line":57,"column":null}},"111":{"start":{"line":58,"column":5},"end":{"line":58,"column":null}},"112":{"start":{"line":59,"column":5},"end":{"line":59,"column":null}},"113":{"start":{"line":62,"column":5},"end":{"line":64,"column":null}},"114":{"start":{"line":65,"column":5},"end":{"line":65,"column":null}},"115":{"start":{"line":66,"column":5},"end":{"line":66,"column":null}},"116":{"start":{"line":68,"column":5},"end":{"line":68,"column":null}},"117":{"start":{"line":69,"column":5},"end":{"line":69,"column":null}},"118":{"start":{"line":70,"column":5},"end":{"line":70,"column":null}},"119":{"start":{"line":71,"column":5},"end":{"line":71,"column":null}},"120":{"start":{"line":197,"column":6},"end":{"line":197,"column":36}},"121":{"start":{"line":199,"column":8},"end":{"line":197,"column":36}},"122":{"start":{"line":199,"column":5},"end":{"line":199,"column":null}},"123":{"start":{"line":203,"column":12},"end":{"line":203,"column":null}},"124":{"start":{"line":204,"column":12},"end":{"line":203,"column":null}},"125":{"start":{"line":204,"column":11},"end":{"line":204,"column":38}},"126":{"start":{"line":205,"column":14},"end":{"line":204,"column":38}},"127":{"start":{"line":206,"column":19},"end":{"line":205,"column":null}},"128":{"start":{"line":205,"column":11},"end":{"line":205,"column":null}},"129":{"start":{"line":203,"column":9},"end":{"line":203,"column":null}},"130":{"start":{"line":204,"column":38},"end":{"line":204,"column":null}},"131":{"start":{"line":206,"column":13},"end":{"line":206,"column":null}},"132":{"start":{"line":212,"column":10},"end":{"line":212,"column":null}},"133":{"start":{"line":212,"column":9},"end":{"line":212,"column":null}},"134":{"start":{"line":211,"column":11},"end":{"line":211,"column":null}},"135":{"start":{"line":211,"column":18},"end":{"line":211,"column":null}},"136":{"start":{"line":216,"column":10},"end":{"line":216,"column":null}},"137":{"start":{"line":216,"column":9},"end":{"line":216,"column":null}},"138":{"start":{"line":215,"column":11},"end":{"line":215,"column":null}},"139":{"start":{"line":215,"column":35},"end":{"line":215,"column":null}},"140":{"start":{"line":221,"column":12},"end":{"line":221,"column":null}},"141":{"start":{"line":222,"column":14},"end":{"line":221,"column":null}},"142":{"start":{"line":224,"column":16},"end":{"line":222,"column":null}},"143":{"start":{"line":226,"column":16},"end":{"line":224,"column":null}},"144":{"start":{"line":226,"column":15},"end":{"line":226,"column":58}},"145":{"start":{"line":224,"column":13},"end":{"line":224,"column":null}},"146":{"start":{"line":222,"column":11},"end":{"line":222,"column":null}},"147":{"start":{"line":230,"column":14},"end":{"line":222,"column":null}},"148":{"start":{"line":231,"column":16},"end":{"line":230,"column":null}},"149":{"start":{"line":233,"column":19},"end":{"line":231,"column":null}},"150":{"start":{"line":233,"column":15},"end":{"line":233,"column":21}},"151":{"start":{"line":231,"column":13},"end":{"line":231,"column":null}},"152":{"start":{"line":235,"column":16},"end":{"line":231,"column":null}},"153":{"start":{"line":237,"column":19},"end":{"line":235,"column":null}},"154":{"start":{"line":237,"column":15},"end":{"line":237,"column":21}},"155":{"start":{"line":235,"column":13},"end":{"line":235,"column":null}},"156":{"start":{"line":230,"column":11},"end":{"line":230,"column":null}},"157":{"start":{"line":241,"column":14},"end":{"line":230,"column":null}},"158":{"start":{"line":243,"column":16},"end":{"line":241,"column":null}},"159":{"start":{"line":244,"column":15},"end":{"line":243,"column":null}},"160":{"start":{"line":244,"column":15},"end":{"line":244,"column":null}},"161":{"start":{"line":250,"column":21},"end":{"line":244,"column":null}},"162":{"start":{"line":243,"column":13},"end":{"line":243,"column":null}},"163":{"start":{"line":255,"column":18},"end":{"line":255,"column":null}},"164":{"start":{"line":256,"column":20},"end":{"line":255,"column":null}},"165":{"start":{"line":255,"column":15},"end":{"line":255,"column":null}},"166":{"start":{"line":258,"column":19},"end":{"line":255,"column":null}},"167":{"start":{"line":258,"column":15},"end":{"line":258,"column":58}},"168":{"start":{"line":256,"column":17},"end":{"line":256,"column":null}},"169":{"start":{"line":256,"column":57},"end":{"line":256,"column":88}},"170":{"start":{"line":256,"column":105},"end":{"line":256,"column":129}},"171":{"start":{"line":258,"column":15},"end":{"line":258,"column":86}},"172":{"start":{"line":258,"column":58},"end":{"line":258,"column":82}},"173":{"start":{"line":258,"column":86},"end":{"line":258,"column":110}},"174":{"start":{"line":254,"column":17},"end":{"line":254,"column":null}},"175":{"start":{"line":254,"column":27},"end":{"line":254,"column":null}},"176":{"start":{"line":241,"column":11},"end":{"line":241,"column":null}},"177":{"start":{"line":262,"column":14},"end":{"line":241,"column":null}},"178":{"start":{"line":264,"column":13},"end":{"line":262,"column":null}},"179":{"start":{"line":264,"column":13},"end":{"line":264,"column":null}},"180":{"start":{"line":271,"column":19},"end":{"line":271,"column":null}},"181":{"start":{"line":271,"column":15},"end":{"line":271,"column":null}},"182":{"start":{"line":270,"column":17},"end":{"line":270,"column":null}},"183":{"start":{"line":270,"column":55},"end":{"line":270,"column":null}},"184":{"start":{"line":262,"column":11},"end":{"line":262,"column":null}},"185":{"start":{"line":277,"column":16},"end":{"line":262,"column":null}},"186":{"start":{"line":278,"column":18},"end":{"line":277,"column":null}},"187":{"start":{"line":278,"column":13},"end":{"line":278,"column":35}},"188":{"start":{"line":277,"column":11},"end":{"line":277,"column":null}},"189":{"start":{"line":283,"column":14},"end":{"line":283,"column":null}},"190":{"start":{"line":283,"column":13},"end":{"line":283,"column":null}},"191":{"start":{"line":282,"column":15},"end":{"line":282,"column":null}},"192":{"start":{"line":282,"column":27},"end":{"line":282,"column":null}},"193":{"start":{"line":289,"column":14},"end":{"line":289,"column":38}},"194":{"start":{"line":289,"column":13},"end":{"line":289,"column":38}},"195":{"start":{"line":289,"column":38},"end":{"line":289,"column":null}},"196":{"start":{"line":288,"column":15},"end":{"line":288,"column":null}},"197":{"start":{"line":288,"column":20},"end":{"line":288,"column":null}},"198":{"start":{"line":221,"column":9},"end":{"line":221,"column":null}},"199":{"start":{"line":293,"column":12},"end":{"line":221,"column":null}},"200":{"start":{"line":294,"column":17},"end":{"line":293,"column":null}},"201":{"start":{"line":295,"column":11},"end":{"line":294,"column":64}},"202":{"start":{"line":295,"column":11},"end":{"line":295,"column":null}},"203":{"start":{"line":293,"column":9},"end":{"line":293,"column":null}},"204":{"start":{"line":226,"column":58},"end":{"line":226,"column":null}},"205":{"start":{"line":233,"column":21},"end":{"line":233,"column":41}},"206":{"start":{"line":233,"column":49},"end":{"line":233,"column":86}},"207":{"start":{"line":237,"column":21},"end":{"line":237,"column":null}},"208":{"start":{"line":295,"column":11},"end":{"line":299,"column":null}},"209":{"start":{"line":301,"column":13},"end":{"line":301,"column":null}},"210":{"start":{"line":247,"column":28},"end":{"line":247,"column":null}},"211":{"start":{"line":250,"column":15},"end":{"line":250,"column":null}},"212":{"start":{"line":267,"column":26},"end":{"line":267,"column":null}},"213":{"start":{"line":278,"column":49},"end":{"line":278,"column":null}},"214":{"start":{"line":294,"column":11},"end":{"line":294,"column":null}},"215":{"start":{"line":295,"column":11},"end":{"line":298,"column":null}},"216":{"start":{"line":307,"column":12},"end":{"line":307,"column":null}},"217":{"start":{"line":308,"column":14},"end":{"line":307,"column":null}},"218":{"start":{"line":310,"column":16},"end":{"line":308,"column":null}},"219":{"start":{"line":311,"column":15},"end":{"line":310,"column":null}},"220":{"start":{"line":311,"column":15},"end":{"line":311,"column":null}},"221":{"start":{"line":317,"column":21},"end":{"line":311,"column":null}},"222":{"start":{"line":310,"column":13},"end":{"line":310,"column":null}},"223":{"start":{"line":322,"column":18},"end":{"line":322,"column":null}},"224":{"start":{"line":323,"column":20},"end":{"line":322,"column":null}},"225":{"start":{"line":322,"column":15},"end":{"line":322,"column":null}},"226":{"start":{"line":325,"column":19},"end":{"line":322,"column":null}},"227":{"start":{"line":325,"column":15},"end":{"line":325,"column":58}},"228":{"start":{"line":323,"column":17},"end":{"line":323,"column":null}},"229":{"start":{"line":323,"column":57},"end":{"line":323,"column":88}},"230":{"start":{"line":323,"column":105},"end":{"line":323,"column":129}},"231":{"start":{"line":325,"column":15},"end":{"line":325,"column":86}},"232":{"start":{"line":325,"column":58},"end":{"line":325,"column":82}},"233":{"start":{"line":325,"column":86},"end":{"line":325,"column":110}},"234":{"start":{"line":321,"column":17},"end":{"line":321,"column":null}},"235":{"start":{"line":321,"column":27},"end":{"line":321,"column":null}},"236":{"start":{"line":308,"column":11},"end":{"line":308,"column":null}},"237":{"start":{"line":329,"column":14},"end":{"line":308,"column":null}},"238":{"start":{"line":331,"column":13},"end":{"line":329,"column":null}},"239":{"start":{"line":331,"column":13},"end":{"line":331,"column":null}},"240":{"start":{"line":338,"column":19},"end":{"line":338,"column":null}},"241":{"start":{"line":338,"column":15},"end":{"line":338,"column":null}},"242":{"start":{"line":337,"column":17},"end":{"line":337,"column":null}},"243":{"start":{"line":337,"column":55},"end":{"line":337,"column":null}},"244":{"start":{"line":329,"column":11},"end":{"line":329,"column":null}},"245":{"start":{"line":342,"column":16},"end":{"line":329,"column":null}},"246":{"start":{"line":343,"column":18},"end":{"line":342,"column":null}},"247":{"start":{"line":343,"column":13},"end":{"line":343,"column":35}},"248":{"start":{"line":342,"column":11},"end":{"line":342,"column":null}},"249":{"start":{"line":348,"column":14},"end":{"line":348,"column":null}},"250":{"start":{"line":348,"column":13},"end":{"line":348,"column":null}},"251":{"start":{"line":347,"column":15},"end":{"line":347,"column":null}},"252":{"start":{"line":347,"column":27},"end":{"line":347,"column":null}},"253":{"start":{"line":354,"column":18},"end":{"line":354,"column":null}},"254":{"start":{"line":355,"column":20},"end":{"line":354,"column":null}},"255":{"start":{"line":355,"column":15},"end":{"line":355,"column":37}},"256":{"start":{"line":356,"column":19},"end":{"line":355,"column":37}},"257":{"start":{"line":356,"column":15},"end":{"line":356,"column":45}},"258":{"start":{"line":354,"column":13},"end":{"line":354,"column":null}},"259":{"start":{"line":356,"column":45},"end":{"line":356,"column":null}},"260":{"start":{"line":355,"column":51},"end":{"line":355,"column":null}},"261":{"start":{"line":353,"column":15},"end":{"line":353,"column":null}},"262":{"start":{"line":353,"column":37},"end":{"line":353,"column":null}},"263":{"start":{"line":361,"column":14},"end":{"line":361,"column":38}},"264":{"start":{"line":361,"column":13},"end":{"line":361,"column":38}},"265":{"start":{"line":361,"column":38},"end":{"line":361,"column":null}},"266":{"start":{"line":360,"column":15},"end":{"line":360,"column":null}},"267":{"start":{"line":360,"column":20},"end":{"line":360,"column":null}},"268":{"start":{"line":307,"column":9},"end":{"line":307,"column":null}},"269":{"start":{"line":365,"column":12},"end":{"line":307,"column":null}},"270":{"start":{"line":366,"column":17},"end":{"line":365,"column":null}},"271":{"start":{"line":367,"column":11},"end":{"line":366,"column":64}},"272":{"start":{"line":367,"column":11},"end":{"line":367,"column":null}},"273":{"start":{"line":365,"column":9},"end":{"line":365,"column":null}},"274":{"start":{"line":367,"column":11},"end":{"line":371,"column":null}},"275":{"start":{"line":373,"column":13},"end":{"line":373,"column":null}},"276":{"start":{"line":314,"column":28},"end":{"line":314,"column":null}},"277":{"start":{"line":317,"column":15},"end":{"line":317,"column":null}},"278":{"start":{"line":334,"column":26},"end":{"line":334,"column":null}},"279":{"start":{"line":343,"column":49},"end":{"line":343,"column":null}},"280":{"start":{"line":366,"column":11},"end":{"line":366,"column":null}},"281":{"start":{"line":367,"column":11},"end":{"line":370,"column":null}},"282":{"start":{"line":219,"column":11},"end":{"line":219,"column":null}},"283":{"start":{"line":219,"column":33},"end":{"line":219,"column":null}},"284":{"start":{"line":202,"column":11},"end":{"line":202,"column":null}},"285":{"start":{"line":202,"column":25},"end":{"line":202,"column":null}},"286":{"start":{"line":197,"column":3},"end":{"line":197,"column":36}},"287":{"start":{"line":197,"column":3},"end":{"line":197,"column":null}},"288":{"start":{"line":197,"column":42},"end":{"line":197,"column":null}},"289":{"start":{"line":196,"column":5},"end":{"line":196,"column":null}},"290":{"start":{"line":196,"column":11},"end":{"line":196,"column":null}}},"fnMap":{"0":{"name":"ExportDialog","decl":{"start":{"line":1,"column":0},"end":{"line":1,"column":null}},"loc":{"start":{"line":1,"column":0},"end":{"line":194,"column":null}},"line":1},"1":{"name":"isMobile","decl":{"start":{"line":8,"column":11},"end":{"line":8,"column":19}},"loc":{"start":{"line":8,"column":31},"end":{"line":12,"column":null}},"line":8},"2":{"name":"saveHtmlFile","decl":{"start":{"line":14,"column":17},"end":{"line":14,"column":29}},"loc":{"start":{"line":14,"column":68},"end":{"line":40,"column":null}},"line":14},"3":{"name":"calculateStrength","decl":{"start":{"line":73,"column":11},"end":{"line":73,"column":28}},"loc":{"start":{"line":73,"column":92},"end":{"line":88,"column":null}},"line":73},"4":{"name":"generatePassphrase","decl":{"start":{"line":90,"column":17},"end":{"line":90,"column":35}},"loc":{"start":{"line":90,"column":38},"end":{"line":97,"column":null}},"line":90},"5":{"name":"handleExportWithQuestions","decl":{"start":{"line":99,"column":17},"end":{"line":99,"column":42}},"loc":{"start":{"line":99,"column":45},"end":{"line":140,"column":null}},"line":99},"6":{"name":"handleExportWithPassphrase","decl":{"start":{"line":142,"column":17},"end":{"line":142,"column":43}},"loc":{"start":{"line":142,"column":46},"end":{"line":183,"column":null}},"line":142},"7":{"name":"close","decl":{"start":{"line":185,"column":11},"end":{"line":185,"column":16}},"loc":{"start":{"line":185,"column":19},"end":{"line":193,"column":null}},"line":185},"8":{"name":"(anonymous_8)","decl":{"start":{"line":55,"column":68},"end":{"line":55,"column":69}},"loc":{"start":{"line":55,"column":70},"end":{"line":55,"column":null}},"line":55},"9":{"name":"(anonymous_9)","decl":{"start":{"line":56,"column":67},"end":{"line":56,"column":68}},"loc":{"start":{"line":56,"column":69},"end":{"line":56,"column":null}},"line":56},"10":{"name":"(anonymous_10)","decl":{"start":{"line":204,"column":38},"end":{"line":204,"column":52}},"loc":{"start":{"line":204,"column":38},"end":{"line":204,"column":null}},"line":204},"11":{"name":"(anonymous_11)","decl":{"start":{"line":256,"column":57},"end":{"line":256,"column":75}},"loc":{"start":{"line":256,"column":57},"end":{"line":256,"column":88}},"line":256},"12":{"name":"(anonymous_12)","decl":{"start":{"line":256,"column":105},"end":{"line":256,"column":123}},"loc":{"start":{"line":256,"column":105},"end":{"line":256,"column":129}},"line":256},"13":{"name":"(anonymous_13)","decl":{"start":{"line":258,"column":58},"end":{"line":258,"column":76}},"loc":{"start":{"line":258,"column":58},"end":{"line":258,"column":82}},"line":258},"14":{"name":"(anonymous_14)","decl":{"start":{"line":258,"column":86},"end":{"line":258,"column":104}},"loc":{"start":{"line":258,"column":86},"end":{"line":258,"column":110}},"line":258},"15":{"name":"(anonymous_15)","decl":{"start":{"line":289,"column":38},"end":{"line":289,"column":43}},"loc":{"start":{"line":289,"column":38},"end":{"line":289,"column":null}},"line":289},"16":{"name":"(anonymous_16)","decl":{"start":{"line":233,"column":21},"end":{"line":233,"column":34}},"loc":{"start":{"line":233,"column":21},"end":{"line":233,"column":41}},"line":233},"17":{"name":"(anonymous_17)","decl":{"start":{"line":233,"column":49},"end":{"line":233,"column":62}},"loc":{"start":{"line":233,"column":49},"end":{"line":233,"column":86}},"line":233},"18":{"name":"get","decl":{"start":{"line":247,"column":16},"end":{"line":247,"column":26}},"loc":{"start":{"line":247,"column":26},"end":{"line":247,"column":null}},"line":247},"19":{"name":"get","decl":{"start":{"line":267,"column":14},"end":{"line":267,"column":24}},"loc":{"start":{"line":267,"column":24},"end":{"line":267,"column":null}},"line":267},"20":{"name":"get","decl":{"start":{"line":278,"column":35},"end":{"line":278,"column":47}},"loc":{"start":{"line":278,"column":47},"end":{"line":278,"column":null}},"line":278},"21":{"name":"(anonymous_21)","decl":{"start":{"line":323,"column":57},"end":{"line":323,"column":75}},"loc":{"start":{"line":323,"column":57},"end":{"line":323,"column":88}},"line":323},"22":{"name":"(anonymous_22)","decl":{"start":{"line":323,"column":105},"end":{"line":323,"column":123}},"loc":{"start":{"line":323,"column":105},"end":{"line":323,"column":129}},"line":323},"23":{"name":"(anonymous_23)","decl":{"start":{"line":325,"column":58},"end":{"line":325,"column":76}},"loc":{"start":{"line":325,"column":58},"end":{"line":325,"column":82}},"line":325},"24":{"name":"(anonymous_24)","decl":{"start":{"line":325,"column":86},"end":{"line":325,"column":104}},"loc":{"start":{"line":325,"column":86},"end":{"line":325,"column":110}},"line":325},"25":{"name":"(anonymous_25)","decl":{"start":{"line":356,"column":45},"end":{"line":356,"column":55}},"loc":{"start":{"line":356,"column":45},"end":{"line":356,"column":null}},"line":356},"26":{"name":"get","decl":{"start":{"line":355,"column":37},"end":{"line":355,"column":49}},"loc":{"start":{"line":355,"column":49},"end":{"line":355,"column":null}},"line":355},"27":{"name":"(anonymous_27)","decl":{"start":{"line":361,"column":38},"end":{"line":361,"column":43}},"loc":{"start":{"line":361,"column":38},"end":{"line":361,"column":null}},"line":361},"28":{"name":"get","decl":{"start":{"line":314,"column":16},"end":{"line":314,"column":26}},"loc":{"start":{"line":314,"column":26},"end":{"line":314,"column":null}},"line":314},"29":{"name":"get","decl":{"start":{"line":334,"column":14},"end":{"line":334,"column":24}},"loc":{"start":{"line":334,"column":24},"end":{"line":334,"column":null}},"line":334},"30":{"name":"get","decl":{"start":{"line":343,"column":35},"end":{"line":343,"column":47}},"loc":{"start":{"line":343,"column":47},"end":{"line":343,"column":null}},"line":343},"31":{"name":"(anonymous_31)","decl":{"start":{"line":199,"column":8},"end":{"line":199,"column":null}},"loc":{"start":{"line":199,"column":8},"end":{"line":199,"column":null}},"line":199},"32":{"name":"keydown","decl":{"start":{"line":197,"column":6},"end":{"line":197,"column":36}},"loc":{"start":{"line":197,"column":37},"end":{"line":197,"column":null}},"line":197}},"branchMap":{"0":{"loc":{"start":{"line":10,"column":11},"end":{"line":11,"column":null}},"type":"binary-expr","locations":[{"start":{"line":10,"column":11},"end":{"line":10,"column":null}},{"start":{"line":10,"column":78},"end":{"line":11,"column":null}}],"line":10},"1":{"loc":{"start":{"line":18,"column":8},"end":{"line":39,"column":null}},"type":"if","locations":[{"start":{"line":18,"column":8},"end":{"line":39,"column":null}},{"start":{"line":30,"column":11},"end":{"line":39,"column":null}}],"line":18},"2":{"loc":{"start":{"line":36,"column":11},"end":{"line":36,"column":null}},"type":"if","locations":[{"start":{"line":36,"column":11},"end":{"line":36,"column":null}},{"start":{},"end":{}}],"line":36},"3":{"loc":{"start":{"line":74,"column":9},"end":{"line":74,"column":null}},"type":"if","locations":[{"start":{"line":74,"column":9},"end":{"line":74,"column":null}},{"start":{},"end":{}}],"line":74},"4":{"loc":{"start":{"line":76,"column":8},"end":{"line":76,"column":null}},"type":"if","locations":[{"start":{"line":76,"column":8},"end":{"line":76,"column":null}},{"start":{},"end":{}}],"line":76},"5":{"loc":{"start":{"line":77,"column":8},"end":{"line":77,"column":null}},"type":"if","locations":[{"start":{"line":77,"column":8},"end":{"line":77,"column":null}},{"start":{},"end":{}}],"line":77},"6":{"loc":{"start":{"line":78,"column":8},"end":{"line":78,"column":null}},"type":"if","locations":[{"start":{"line":78,"column":8},"end":{"line":78,"column":null}},{"start":{},"end":{}}],"line":78},"7":{"loc":{"start":{"line":79,"column":8},"end":{"line":79,"column":null}},"type":"if","locations":[{"start":{"line":79,"column":8},"end":{"line":79,"column":null}},{"start":{},"end":{}}],"line":79},"8":{"loc":{"start":{"line":79,"column":8},"end":{"line":79,"column":50}},"type":"binary-expr","locations":[{"start":{"line":79,"column":8},"end":{"line":79,"column":30}},{"start":{"line":79,"column":25},"end":{"line":79,"column":50}}],"line":79},"9":{"loc":{"start":{"line":80,"column":8},"end":{"line":80,"column":null}},"type":"if","locations":[{"start":{"line":80,"column":8},"end":{"line":80,"column":null}},{"start":{},"end":{}}],"line":80},"10":{"loc":{"start":{"line":81,"column":8},"end":{"line":81,"column":null}},"type":"if","locations":[{"start":{"line":81,"column":8},"end":{"line":81,"column":null}},{"start":{},"end":{}}],"line":81},"11":{"loc":{"start":{"line":82,"column":8},"end":{"line":82,"column":null}},"type":"if","locations":[{"start":{"line":82,"column":8},"end":{"line":82,"column":null}},{"start":{},"end":{}}],"line":82},"12":{"loc":{"start":{"line":82,"column":8},"end":{"line":82,"column":57}},"type":"binary-expr","locations":[{"start":{"line":82,"column":8},"end":{"line":82,"column":30}},{"start":{"line":82,"column":30},"end":{"line":82,"column":57}}],"line":82},"13":{"loc":{"start":{"line":84,"column":8},"end":{"line":84,"column":null}},"type":"if","locations":[{"start":{"line":84,"column":8},"end":{"line":84,"column":null}},{"start":{},"end":{}}],"line":84},"14":{"loc":{"start":{"line":85,"column":8},"end":{"line":85,"column":null}},"type":"if","locations":[{"start":{"line":85,"column":8},"end":{"line":85,"column":null}},{"start":{},"end":{}}],"line":85},"15":{"loc":{"start":{"line":86,"column":8},"end":{"line":86,"column":null}},"type":"if","locations":[{"start":{"line":86,"column":8},"end":{"line":86,"column":null}},{"start":{},"end":{}}],"line":86},"16":{"loc":{"start":{"line":100,"column":9},"end":{"line":100,"column":null}},"type":"if","locations":[{"start":{"line":100,"column":9},"end":{"line":100,"column":null}},{"start":{},"end":{}}],"line":100},"17":{"loc":{"start":{"line":112,"column":11},"end":{"line":114,"column":null}},"type":"if","locations":[{"start":{"line":112,"column":11},"end":{"line":114,"column":null}},{"start":{},"end":{}}],"line":112},"18":{"loc":{"start":{"line":112,"column":11},"end":{"line":112,"column":38}},"type":"binary-expr","locations":[{"start":{"line":112,"column":11},"end":{"line":112,"column":15}},{"start":{"line":112,"column":15},"end":{"line":112,"column":38}}],"line":112},"19":{"loc":{"start":{"line":117,"column":11},"end":{"line":120,"column":null}},"type":"if","locations":[{"start":{"line":117,"column":11},"end":{"line":120,"column":null}},{"start":{},"end":{}}],"line":117},"20":{"loc":{"start":{"line":122,"column":10},"end":{"line":131,"column":null}},"type":"if","locations":[{"start":{"line":122,"column":10},"end":{"line":131,"column":null}},{"start":{},"end":{}}],"line":122},"21":{"loc":{"start":{"line":133,"column":23},"end":{"line":133,"column":95}},"type":"cond-expr","locations":[{"start":{"line":133,"column":36},"end":{"line":133,"column":66}},{"start":{"line":133,"column":66},"end":{"line":133,"column":95}}],"line":133},"22":{"loc":{"start":{"line":143,"column":9},"end":{"line":143,"column":null}},"type":"if","locations":[{"start":{"line":143,"column":9},"end":{"line":143,"column":null}},{"start":{},"end":{}}],"line":143},"23":{"loc":{"start":{"line":152,"column":28},"end":{"line":152,"column":null}},"type":"binary-expr","locations":[{"start":{"line":152,"column":28},"end":{"line":152,"column":59}},{"start":{"line":152,"column":55},"end":{"line":152,"column":null}}],"line":152},"24":{"loc":{"start":{"line":155,"column":11},"end":{"line":157,"column":null}},"type":"if","locations":[{"start":{"line":155,"column":11},"end":{"line":157,"column":null}},{"start":{},"end":{}}],"line":155},"25":{"loc":{"start":{"line":155,"column":11},"end":{"line":155,"column":38}},"type":"binary-expr","locations":[{"start":{"line":155,"column":11},"end":{"line":155,"column":15}},{"start":{"line":155,"column":15},"end":{"line":155,"column":38}}],"line":155},"26":{"loc":{"start":{"line":160,"column":11},"end":{"line":163,"column":null}},"type":"if","locations":[{"start":{"line":160,"column":11},"end":{"line":163,"column":null}},{"start":{},"end":{}}],"line":160},"27":{"loc":{"start":{"line":165,"column":10},"end":{"line":174,"column":null}},"type":"if","locations":[{"start":{"line":165,"column":10},"end":{"line":174,"column":null}},{"start":{},"end":{}}],"line":165},"28":{"loc":{"start":{"line":176,"column":23},"end":{"line":176,"column":95}},"type":"cond-expr","locations":[{"start":{"line":176,"column":36},"end":{"line":176,"column":66}},{"start":{"line":176,"column":66},"end":{"line":176,"column":95}}],"line":176},"29":{"loc":{"start":{"line":55,"column":22},"end":{"line":55,"column":null}},"type":"binary-expr","locations":[{"start":{"line":55,"column":22},"end":{"line":55,"column":null}},{"start":{"line":55,"column":95},"end":{"line":55,"column":null}}],"line":55},"30":{"loc":{"start":{"line":56,"column":21},"end":{"line":56,"column":null}},"type":"binary-expr","locations":[{"start":{"line":56,"column":21},"end":{"line":56,"column":null}},{"start":{"line":56,"column":93},"end":{"line":56,"column":null}}],"line":56},"31":{"loc":{"start":{"line":58,"column":30},"end":{"line":58,"column":113}},"type":"binary-expr","locations":[{"start":{"line":58,"column":30},"end":{"line":58,"column":69}},{"start":{"line":58,"column":69},"end":{"line":58,"column":91}},{"start":{"line":58,"column":91},"end":{"line":58,"column":113}}],"line":58},"32":{"loc":{"start":{"line":59,"column":32},"end":{"line":59,"column":null}},"type":"binary-expr","locations":[{"start":{"line":59,"column":32},"end":{"line":59,"column":71}},{"start":{"line":59,"column":71},"end":{"line":59,"column":null}}],"line":59},"33":{"loc":{"start":{"line":62,"column":30},"end":{"line":64,"column":null}},"type":"binary-expr","locations":[{"start":{"line":62,"column":30},"end":{"line":62,"column":69}},{"start":{"line":62,"column":69},"end":{"line":63,"column":87}},{"start":{"line":63,"column":87},"end":{"line":64,"column":null}}],"line":62},"34":{"loc":{"start":{"line":65,"column":18},"end":{"line":65,"column":69}},"type":"binary-expr","locations":[{"start":{"line":65,"column":18},"end":{"line":65,"column":64}},{"start":{"line":65,"column":68},"end":{"line":65,"column":69}}],"line":65},"35":{"loc":{"start":{"line":70,"column":24},"end":{"line":70,"column":null}},"type":"binary-expr","locations":[{"start":{"line":70,"column":24},"end":{"line":70,"column":49}},{"start":{"line":70,"column":49},"end":{"line":70,"column":74}},{"start":{"line":70,"column":69},"end":{"line":70,"column":null}}],"line":70},"36":{"loc":{"start":{"line":71,"column":23},"end":{"line":71,"column":null}},"type":"binary-expr","locations":[{"start":{"line":71,"column":23},"end":{"line":71,"column":52}},{"start":{"line":71,"column":48},"end":{"line":71,"column":null}}],"line":71},"37":{"loc":{"start":{"line":211,"column":11},"end":{"line":211,"column":null}},"type":"if","locations":[{"start":{"line":211,"column":11},"end":{"line":211,"column":null}},{"start":{},"end":{}}],"line":211},"38":{"loc":{"start":{"line":215,"column":11},"end":{"line":215,"column":null}},"type":"if","locations":[{"start":{"line":215,"column":11},"end":{"line":215,"column":null}},{"start":{},"end":{}}],"line":215},"39":{"loc":{"start":{"line":256,"column":20},"end":{"line":256,"column":105}},"type":"binary-expr","locations":[{"start":{"line":68,"column":5},"end":{"line":256,"column":105}}],"line":256},"40":{"loc":{"start":{"line":258,"column":19},"end":{"line":258,"column":86}},"type":"binary-expr","locations":[{"start":{"line":68,"column":5},"end":{"line":258,"column":86}}],"line":258},"41":{"loc":{"start":{"line":254,"column":17},"end":{"line":254,"column":null}},"type":"if","locations":[{"start":{"line":254,"column":17},"end":{"line":254,"column":null}},{"start":{},"end":{}}],"line":254},"42":{"loc":{"start":{"line":270,"column":17},"end":{"line":270,"column":null}},"type":"if","locations":[{"start":{"line":270,"column":17},"end":{"line":270,"column":null}},{"start":{},"end":{}}],"line":270},"43":{"loc":{"start":{"line":270,"column":17},"end":{"line":270,"column":null}},"type":"binary-expr","locations":[{"start":{"line":270,"column":17},"end":{"line":270,"column":39}},{"start":{"line":270,"column":34},"end":{"line":270,"column":null}}],"line":270},"44":{"loc":{"start":{"line":282,"column":15},"end":{"line":282,"column":null}},"type":"if","locations":[{"start":{"line":282,"column":15},"end":{"line":282,"column":null}},{"start":{},"end":{}}],"line":282},"45":{"loc":{"start":{"line":288,"column":15},"end":{"line":288,"column":null}},"type":"if","locations":[{"start":{"line":288,"column":15},"end":{"line":288,"column":null}},{"start":{},"end":{}}],"line":288},"46":{"loc":{"start":{"line":226,"column":58},"end":{"line":226,"column":82}},"type":"binary-expr","locations":[{"start":{"line":226,"column":58},"end":{"line":226,"column":82}},{"start":{"line":226,"column":71},"end":{"line":226,"column":82}}],"line":226},"47":{"loc":{"start":{"line":226,"column":71},"end":{"line":226,"column":112}},"type":"cond-expr","locations":[{"start":{"line":226,"column":104},"end":{"line":226,"column":106}},{"start":{"line":226,"column":109},"end":{"line":226,"column":112}}],"line":226},"48":{"loc":{"start":{"line":233,"column":49},"end":{"line":233,"column":86}},"type":"cond-expr","locations":[{"start":{"line":233,"column":78},"end":{"line":233,"column":80}},{"start":{"line":233,"column":83},"end":{"line":233,"column":86}
[...]
olumn":30},"end":{"line":49,"column":null}},"line":46},"5":{"name":"finishSetup","decl":{"start":{"line":51,"column":11},"end":{"line":51,"column":22}},"loc":{"start":{"line":51,"column":25},"end":{"line":53,"column":null}},"line":51},"6":{"name":"exitWizard","decl":{"start":{"line":55,"column":11},"end":{"line":55,"column":21}},"loc":{"start":{"line":55,"column":24},"end":{"line":57,"column":null}},"line":55},"7":{"name":"startOver","decl":{"start":{"line":59,"column":11},"end":{"line":59,"column":20}},"loc":{"start":{"line":59,"column":23},"end":{"line":62,"column":null}},"line":59},"8":{"name":"(anonymous_8)","decl":{"start":{"line":93,"column":50},"end":{"line":93,"column":66}},"loc":{"start":{"line":93,"column":50},"end":{"line":93,"column":70}},"line":93},"9":{"name":"(anonymous_9)","decl":{"start":{"line":93,"column":7},"end":{"line":93,"column":17}},"loc":{"start":{"line":93,"column":7},"end":{"line":114,"column":null}},"line":93},"10":{"name":"(anonymous_10)","decl":{"start":{"line":95,"column":11},"end":{"line":95,"column":27}},"loc":{"start":{"line":95,"column":11},"end":{"line":95,"column":null}},"line":95},"11":{"name":"(anonymous_11)","decl":{"start":{"line":97,"column":11},"end":{"line":97,"column":27}},"loc":{"start":{"line":97,"column":11},"end":{"line":97,"column":null}},"line":97},"12":{"name":"(anonymous_12)","decl":{"start":{"line":99,"column":11},"end":{"line":99,"column":23}},"loc":{"start":{"line":99,"column":11},"end":{"line":99,"column":null}},"line":99},"13":{"name":"(anonymous_13)","decl":{"start":{"line":101,"column":11},"end":{"line":101,"column":25}},"loc":{"start":{"line":101,"column":11},"end":{"line":101,"column":null}},"line":101},"14":{"name":"(anonymous_14)","decl":{"start":{"line":103,"column":11},"end":{"line":103,"column":26}},"loc":{"start":{"line":103,"column":11},"end":{"line":103,"column":null}},"line":103},"15":{"name":"(anonymous_15)","decl":{"start":{"line":105,"column":11},"end":{"line":105,"column":23}},"loc":{"start":{"line":105,"column":11},"end":{"line":105,"column":null}},"line":105},"16":{"name":"(anonymous_16)","decl":{"start":{"line":107,"column":11},"end":{"line":107,"column":26}},"loc":{"start":{"line":107,"column":11},"end":{"line":107,"column":null}},"line":107},"17":{"name":"(anonymous_17)","decl":{"start":{"line":109,"column":11},"end":{"line":109,"column":25}},"loc":{"start":{"line":109,"column":11},"end":{"line":109,"column":null}},"line":109},"18":{"name":"(anonymous_18)","decl":{"start":{"line":111,"column":11},"end":{"line":111,"column":27}},"loc":{"start":{"line":111,"column":11},"end":{"line":111,"column":null}},"line":111},"19":{"name":"(anonymous_19)","decl":{"start":{"line":113,"column":11},"end":{"line":113,"column":26}},"loc":{"start":{"line":113,"column":11},"end":{"line":113,"column":null}},"line":113},"20":{"name":"(anonymous_20)","decl":{"start":{"line":115,"column":11},"end":{"line":115,"column":22}},"loc":{"start":{"line":115,"column":11},"end":{"line":115,"column":null}},"line":115},"21":{"name":"(anonymous_21)","decl":{"start":{"line":94,"column":13},"end":{"line":94,"column":24}},"loc":{"start":{"line":94,"column":13},"end":{"line":94,"column":null}},"line":94},"22":{"name":"(anonymous_22)","decl":{"start":{"line":96,"column":18},"end":{"line":96,"column":29}},"loc":{"start":{"line":96,"column":18},"end":{"line":96,"column":null}},"line":96},"23":{"name":"(anonymous_23)","decl":{"start":{"line":98,"column":18},"end":{"line":98,"column":29}},"loc":{"start":{"line":98,"column":18},"end":{"line":98,"column":null}},"line":98},"24":{"name":"(anonymous_24)","decl":{"start":{"line":100,"column":18},"end":{"line":100,"column":29}},"loc":{"start":{"line":100,"column":18},"end":{"line":100,"column":null}},"line":100},"25":{"name":"(anonymous_25)","decl":{"start":{"line":102,"column":18},"end":{"line":102,"column":29}},"loc":{"start":{"line":102,"column":18},"end":{"line":102,"column":null}},"line":102},"26":{"name":"(anonymous_26)","decl":{"start":{"line":104,"column":18},"end":{"line":104,"column":29}},"loc":{"start":{"line":104,"column":18},"end":{"line":104,"column":null}},"line":104},"27":{"name":"(anonymous_27)","decl":{"start":{"line":106,"column":18},"end":{"line":106,"column":29}},"loc":{"start":{"line":106,"column":18},"end":{"line":106,"column":null}},"line":106},"28":{"name":"(anonymous_28)","decl":{"start":{"line":108,"column":18},"end":{"line":108,"column":29}},"loc":{"start":{"line":108,"column":18},"end":{"line":108,"column":null}},"line":108},"29":{"name":"(anonymous_29)","decl":{"start":{"line":110,"column":18},"end":{"line":110,"column":29}},"loc":{"start":{"line":110,"column":18},"end":{"line":110,"column":null}},"line":110},"30":{"name":"(anonymous_30)","decl":{"start":{"line":112,"column":18},"end":{"line":112,"column":29}},"loc":{"start":{"line":112,"column":18},"end":{"line":112,"column":null}},"line":112},"31":{"name":"(anonymous_31)","decl":{"start":{"line":114,"column":18},"end":{"line":114,"column":29}},"loc":{"start":{"line":114,"column":18},"end":{"line":114,"column":null}},"line":114},"32":{"name":"(anonymous_32)","decl":{"start":{"line":129,"column":11},"end":{"line":129,"column":27}},"loc":{"start":{"line":129,"column":11},"end":{"line":129,"column":106}},"line":129}},"branchMap":{"0":{"loc":{"start":{"line":27,"column":8},"end":{"line":33,"column":null}},"type":"if","locations":[{"start":{"line":27,"column":8},"end":{"line":33,"column":null}},{"start":{"line":29,"column":5},"end":{"line":33,"column":null}}],"line":27},"1":{"loc":{"start":{"line":29,"column":5},"end":{"line":33,"column":null}},"type":"if","locations":[{"start":{"line":29,"column":5},"end":{"line":33,"column":null}},{"start":{"line":31,"column":5},"end":{"line":33,"column":null}}],"line":29},"2":{"loc":{"start":{"line":31,"column":5},"end":{"line":33,"column":null}},"type":"if","locations":[{"start":{"line":31,"column":5},"end":{"line":33,"column":null}},{"start":{},"end":{}}],"line":31},"3":{"loc":{"start":{"line":37,"column":8},"end":{"line":39,"column":null}},"type":"if","locations":[{"start":{"line":37,"column":8},"end":{"line":39,"column":null}},{"start":{},"end":{}}],"line":37},"4":{"loc":{"start":{"line":22,"column":10},"end":{"line":22,"column":67}},"type":"cond-expr","locations":[{"start":{"line":22,"column":37},"end":{"line":22,"column":51}},{"start":{"line":22,"column":54},"end":{"line":22,"column":67}}],"line":22},"5":{"loc":{"start":{"line":71,"column":9},"end":{"line":81,"column":null}},"type":"if","locations":[{"start":{"line":71,"column":9},"end":{"line":81,"column":null}},{"start":{"line":71,"column":32},"end":{"line":81,"column":null}}],"line":71},"6":{"loc":{"start":{"line":71,"column":32},"end":{"line":81,"column":null}},"type":"if","locations":[{"start":{"line":71,"column":32},"end":{"line":81,"column":null}},{"start":{"line":81,"column":34},"end":{"line":81,"column":null}}],"line":71},"7":{"loc":{"start":{"line":124,"column":13},"end":{"line":124,"column":null}},"type":"if","locations":[{"start":{"line":124,"column":13},"end":{"line":124,"column":null}},{"start":{},"end":{}}],"line":124},"8":{"loc":{"start":{"line":129,"column":11},"end":{"line":129,"column":106}},"type":"cond-expr","locations":[{"start":{"line":129,"column":52},"end":{"line":129,"column":100}},{"start":{"line":129,"column":100},"end":{"line":129,"column":106}}],"line":129},"9":{"loc":{"start":{"line":129,"column":52},"end":{"line":129,"column":100}},"type":"cond-expr","locations":[{"start":{"line":129,"column":75},"end":{"line":129,"column":85}},{"start":{"line":129,"column":88},"end":{"line":129,"column":100}}],"line":129},"10":{"loc":{"start":{"line":121,"column":7},"end":{"line":121,"column":null}},"type":"if","locations":[{"start":{"line":121,"column":7},"end":{"line":121,"column":null}},{"start":{},"end":{}}],"line":121},"11":{"loc":{"start":{"line":121,"column":7},"end":{"line":121,"column":null}},"type":"binary-expr","locations":[{"start":{"line":121,"column":7},"end":{"line":121,"column":34}},{"start":{"line":121,"column":30},"end":{"line":121,"column":null}}],"line":121}},"s":{"0":0,"1":0,"2":0,"3":0,"4":0,"5":0,"6":0,"7":0,"8":0,"9":0,"10":0,"11":0,"12":0,"13":0,"14":0,"15":0,"16":0,"17":0,"18":0,"19":0,"20":0,"21":0,"22":0,"23":0,"24":0,"25":0,"26":0,"27":0,"28":0,"29":0,"30":0,"31":0,"32":0,"33":0,"34":0,"35":0,"36":0,"37":0,"38":0,"39":0,"40":0,"41":0,"42":0,"43":0,"44":0,"45":0,"46":0,"47":0,"48":0,"49":0,"50":0,"51":0,"52":0,"53":0,"54":0,"55":0,"56":0,"57":0,"58":0,"59":0,"60":0,"61":0,"62":0,"63":0,"64":0,"65":0,"66":0,"67":0,"68":0,"69":0,"70":0,"71":0,"72":0,"73":0,"74":0,"75":0,"76":0,"77":0,"78":0,"79":0,"80":0,"81":0,"82":0,"83":0,"84":0,"85":0,"86":0,"87":0,"88":0,"89":0,"90":0},"f":{"0":0,"1":0,"2":0,"3":0,"4":0,"5":0,"6":0,"7":0,"8":0,"9":0,"10":0,"11":0,"12":0,"13":0,"14":0,"15":0,"16":0,"17":0,"18":0,"19":0,"20":0,"21":0,"22":0,"23":0,"24":0,"25":0,"26":0,"27":0,"28":0,"29":0,"30":0,"31":0,"32":0},"b":{"0":[0,0],"1":[0,0],"2":[0,0],"3":[0,0],"4":[0,0],"5":[0,0],"6":[0,0],"7":[0,0],"8":[0,0],"9":[0,0],"10":[0,0],"11":[0,0]},"meta":{"lastBranch":12,"lastFunction":33,"lastStatement":91,"seen":{"f:1:0:1:Infinity":0,"s:17:16:17:Infinity":0,"s:19:22:19:Infinity":1,"s:20:66:20:Infinity":2,"f:26:11:26:15":1,"b:27:8:33:Infinity:29:5:33:Infinity":0,"s:27:8:33:Infinity":3,"s:28:6:28:Infinity":4,"b:29:5:33:Infinity:31:5:33:Infinity":1,"s:29:5:33:Infinity":5,"s:30:6:30:Infinity":6,"b:31:5:33:Infinity:undefined:undefined:undefined:undefined":2,"s:31:5:33:Infinity":7,"s:32:6:32:Infinity":8,"f:36:11:36:15":2,"b:37:8:39:Infinity:undefined:undefined:undefined:undefined":3,"s:37:8:39:Infinity":9,"s:38:6:38:Infinity":10,"f:42:11:42:15":3,"s:43:4:43:Infinity":11,"f:46:11:46:27":4,"s:47:4:47:Infinity":12,"s:48:4:48:Infinity":13,"f:51:11:51:22":5,"s:52:4:52:Infinity":14,"f:55:11:55:21":6,"s:56:4:56:Infinity":15,"f:59:11:59:20":7,"s:60:4:60:Infinity":16,"s:61:4:61:Infinity":17,"s:22:5:22:Infinity":18,"b:22:37:22:51:22:54:22:67":4,"s:23:5:23:Infinity":19,"s:24:5:24:Infinity":20,"s:65:4:65:Infinity":21,"s:70:7:65:Infinity":22,"s:70:3:70:Infinity":23,"s:72:10:72:Infinity":24,"s:76:12:72:Infinity":25,"s:77:17:76:Infinity":26,"s:78:17:77:54":27,"s:76:9:76:Infinity":28,"s:72:7:72:Infinity":29,"s:77:11:77:Infinity":30,"s:78:11:78:Infinity":31,"s:82:10:82:Infinity":32,"s:87:12:82:Infinity":33,"s:88:17:87:Infinity":34,"s:89:17:88:54":35,"s:87:9:87:Infinity":36,"s:82:7:82:Infinity":37,"s:88:11:88:Infinity":38,"s:89:11:89:Infinity":39,"s:93:50:93:84":40,"f:93:50:93:66":8,"s:93:50:93:70":41,"f:93:7:93:17":9,"s:93:7:114:Infinity":42,"s:93:24:93:50":43,"s:93:84:93:Infinity":44,"s:95:11:95:Infinity":45,"f:95:11:95:27":10,"s:97:11:97:Infinity":46,"f:97:11:97:27":11,"s:99:11:99:Infinity":47,"f:99:11:99:23":12,"s:101:11:101:Infinity":48,"f:101:11:101:25":13,"s:103:11:103:Infinity":49,"f:103:11:103:26":14,"s:105:11:105:Infinity":50,"f:105:11:105:23":15,"s:107:11:107:Infinity":51,"f:107:11:107:26":16,"s:109:11:109:Infinity":52,"f:109:11:109:25":17,"s:111:11:111:Infinity":53,"f:111:11:111:27":18,"s:113:11:113:Infinity":54,"f:113:11:113:26":19,"s:115:11:115:Infinity":55,"f:115:11:115:22":20,"f:94:13:94:24":21,"s:94:13:94:Infinity":56,"f:96:18:96:29":22,"s:96:18:96:Infinity":57,"f:98:18:98:29":23,"s:98:18:98:Infinity":58,"f:100:18:100:29":24,"s:100:18:100:Infinity":59,"f:102:18:102:29":25,"s:102:18:102:Infinity":60,"f:104:18:104:29":26,"s:104:18:104:Infinity":61,"f:106:18:106:29":27,"s:106:18:106:Infinity":62,"f:108:18:108:29":28,"s:108:18:108:Infinity":63,"f:110:18:110:29":29,"s:110:18:110:Infinity":64,"f:112:18:112:29":30,"s:112:18:112:Infinity":65,"f:114:18:114:29":31,"s:114:18:114:Infinity":66,"b:71:9:81:Infinity:71:32:81:Infinity":5,"s:71:9:81:Infinity":67,"s:71:32:71:Infinity":68,"b:71:32:81:Infinity:81:34:81:Infinity":6,"s:71:32:81:Infinity":69,"s:81:34:81:Infinity":70,"s:122:11:122:Infinity":71,"s:123:10:122:Infinity":72,"s:123:7:123:Infinity":73,"s:125:17:125:54":74,"s:125:11:125:Infinity":75,"s:125:11:125:54":76,"b:124:13:124:Infinity:undefined:undefined:undefined:undefined":7,"s:124:13:124:Infinity":77,"s:124:33:124:Infinity":78,"s:127:15:127:44":79,"s:128:15:127:44":80,"s:128:9:128:50":81,"s:132:15:128:50":82,"s:122:5:122:Infinity":83,"f:129:11:129:27":32,"s:129:11:129:106":84,"b:129:52:129:100:129:100:129:106":8,"b:129:75:129:85:129:88:129:100":9,"s:127:9:127:Infinity":85,"s:128:9:128:Infinity":86,"s:132:9:132:Infinity":87,"b:121:7:121:Infinity:undefined:undefined:undefined:undefined":10,"s:121:7:121:Infinity":88,"b:121:7:121:34:121:30:121:Infinity":11,"s:121:54:121:Infinity":89,"s:65:1:65:Infinity":90}}}
,"C:\\git\\honey-did\\src\\lib\\wizard\\WizardStep.svelte": {"path":"C:\\git\\honey-did\\src\\lib\\wizard\\WizardStep.svelte","statementMap":{"0":{"start":{"line":4,"column":36},"end":{"line":4,"column":null}},"1":{"start":{"line":5,"column":32},"end":{"line":5,"column":null}},"2":{"start":{"line":6,"column":31},"end":{"line":6,"column":null}},"3":{"start":{"line":9,"column":4},"end":{"line":9,"column":null}},"4":{"start":{"line":10,"column":6},"end":{"line":9,"column":null}},"5":{"start":{"line":11,"column":8},"end":{"line":10,"column":null}},"6":{"start":{"line":11,"column":5},"end":{"line":11,"column":32}},"7":{"start":{"line":12,"column":8},"end":{"line":11,"column":32}},"8":{"start":{"line":12,"column":5},"end":{"line":12,"column":28}},"9":{"start":{"line":13,"column":7},"end":{"line":12,"column":28}},"10":{"start":{"line":13,"column":5},"end":{"line":13,"column":9}},"11":{"start":{"line":10,"column":3},"end":{"line":10,"column":null}},"12":{"start":{"line":16,"column":6},"end":{"line":10,"column":null}},"13":{"start":{"line":18,"column":6},"end":{"line":16,"column":null}},"14":{"start":{"line":18,"column":5},"end":{"line":18,"column":8}},"15":{"start":{"line":16,"column":3},"end":{"line":16,"column":null}},"16":{"start":{"line":21,"column":6},"end":{"line":16,"column":null}},"17":{"start":{"line":23,"column":7},"end":{"line":21,"column":null}},"18":{"start":{"line":23,"column":5},"end":{"line":25,"column":13}},"19":{"start":{"line":23,"column":7},"end":{"line":24,"column":29}},"20":{"start":{"line":24,"column":13},"end":{"line":24,"column":25}},"21":{"start":{"line":25,"column":11},"end":{"line":25,"column":13}},"22":{"start":{"line":25,"column":9},"end":{"line":25,"column":13}},"23":{"start":{"line":25,"column":13},"end":{"line":25,"column":null}},"24":{"start":{"line":23,"column":5},"end":{"line":23,"column":null}},"25":{"start":{"line":21,"column":3},"end":{"line":21,"column":null}},"26":{"start":{"line":30,"column":6},"end":{"line":21,"column":null}},"27":{"start":{"line":32,"column":6},"end":{"line":30,"column":null}},"28":{"start":{"line":32,"column":5},"end":{"line":32,"column":30}},"29":{"start":{"line":30,"column":3},"end":{"line":30,"column":null}},"30":{"start":{"line":35,"column":6},"end":{"line":30,"column":null}},"31":{"start":{"line":35,"column":3},"end":{"line":35,"column":null}},"32":{"start":{"line":9,"column":1},"end":{"line":9,"column":null}},"33":{"start":{"line":11,"column":32},"end":{"line":11,"column":null}},"34":{"start":{"line":11,"column":64},"end":{"line":11,"column":74}},"35":{"start":{"line":4,"column":13},"end":{"line":12,"column":null}},"36":{"start":{"line":12,"column":28},"end":{"line":12,"column":37}},"37":{"start":{"line":4,"column":13},"end":{"line":13,"column":null}},"38":{"start":{"line":13,"column":9},"end":{"line":13,"column":19}},"39":{"start":{"line":18,"column":8},"end":{"line":18,"column":25}},"40":{"start":{"line":4,"column":13},"end":{"line":32,"column":null}},"41":{"start":{"line":32,"column":30},"end":{"line":32,"column":42}}},"fnMap":{"0":{"name":"WizardStep","decl":{"start":{"line":1,"column":0},"end":{"line":1,"column":null}},"loc":{"start":{"line":1,"column":0},"end":{"line":7,"column":null}},"line":1},"1":{"name":"(anonymous_1)","decl":{"start":{"line":23,"column":5},"end":{"line":23,"column":7}},"loc":{"start":{"line":23,"column":5},"end":{"line":25,"column":13}},"line":23},"2":{"name":"(anonymous_2)","decl":{"start":{"line":23,"column":7},"end":{"line":23,"column":null}},"loc":{"start":{"line":23,"column":7},"end":{"line":24,"column":29}},"line":23},"3":{"name":"(anonymous_3)","decl":{"start":{"line":4,"column":36},"end":{"line":4,"column":null}},"loc":{"start":{"line":24,"column":13},"end":{"line":24,"column":25}},"line":24},"4":{"name":"(anonymous_4)","decl":{"start":{"line":24,"column":25},"end":{"line":24,"column":29}},"loc":{"start":{"line":24,"column":35},"end":{"line":25,"column":13}},"line":24},"5":{"name":"(anonymous_5)","decl":{"start":{"line":25,"column":13},"end":{"line":25,"column":19}},"loc":{"start":{"line":25,"column":13},"end":{"line":25,"column":null}},"line":25},"6":{"name":"(anonymous_6)","decl":{"start":{"line":18,"column":8},"end":{"line":18,"column":12}},"loc":{"start":{"line":18,"column":8},"end":{"line":18,"column":25}},"line":18}},"branchMap":{"0":{"loc":{"start":{"line":11,"column":32},"end":{"line":11,"column":49}},"type":"binary-expr","locations":[{"start":{"line":11,"column":32},"end":{"line":11,"column":49}},{"start":{"line":11,"column":43},"end":{"line":11,"column":49}}],"line":11},"1":{"loc":{"start":{"line":11,"column":49},"end":{"line":11,"column":64}},"type":"binary-expr","locations":[{"start":{"line":11,"column":49},"end":{"line":11,"column":64}},{"start":{"line":11,"column":59},"end":{"line":11,"column":64}}],"line":11},"2":{"loc":{"start":{"line":11,"column":59},"end":{"line":11,"column":null}},"type":"binary-expr","locations":[{"start":{"line":11,"column":59},"end":{"line":11,"column":null}},{"start":{"line":11,"column":74},"end":{"line":11,"column":null}}],"line":11},"3":{"loc":{"start":{"line":4,"column":13},"end":{"line":32,"column":null}},"type":"binary-expr","locations":[{"start":{"line":4,"column":13},"end":{"line":32,"column":null}},{"start":{"line":32,"column":42},"end":{"line":32,"column":null}}],"line":4}},"s":{"0":0,"1":0,"2":0,"3":0,"4":0,"5":0,"6":0,"7":0,"8":0,"9":0,"10":0,"11":0,"12":0,"13":0,"14":0,"15":0,"16":0,"17":0,"18":0,"19":0,"20":0,"21":0,"22":0,"23":0,"24":0,"25":0,"26":0,"27":0,"28":0,"29":0,"30":0,"31":0,"32":0,"33":0,"34":0,"35":0,"36":0,"37":0,"38":0,"39":0,"40":0,"41":0},"f":{"0":0,"1":0,"2":0,"3":0,"4":0,"5":0,"6":0},"b":{"0":[0,0],"1":[0,0],"2":[0,0],"3":[0,0]},"meta":{"lastBranch":4,"lastFunction":7,"lastStatement":42,"seen":{"f:1:0:1:Infinity":0,"s:4:36:4:Infinity":0,"s:5:32:5:Infinity":1,"s:6:31:6:Infinity":2,"s:9:4:9:Infinity":3,"s:10:6:9:Infinity":4,"s:11:8:10:Infinity":5,"s:11:5:11:32":6,"s:12:8:11:32":7,"s:12:5:12:28":8,"s:13:7:12:28":9,"s:13:5:13:9":10,"s:10:3:10:Infinity":11,"s:16:6:10:Infinity":12,"s:18:6:16:Infinity":13,"s:18:5:18:8":14,"s:16:3:16:Infinity":15,"s:21:6:16:Infinity":16,"s:23:7:21:Infinity":17,"f:23:5:23:7":1,"s:23:5:25:13":18,"f:23:7:23:Infinity":2,"s:23:7:24:29":19,"f:4:36:4:Infinity":3,"s:24:13:24:25":20,"f:24:25:24:29":4,"s:25:11:25:13":21,"s:25:9:25:13":22,"s:25:13:25:Infinity":23,"f:25:13:25:19":5,"s:23:5:23:Infinity":24,"s:21:3:21:Infinity":25,"s:30:6:21:Infinity":26,"s:32:6:30:Infinity":27,"s:32:5:32:30":28,"s:30:3:30:Infinity":29,"s:35:6:30:Infinity":30,"s:35:3:35:Infinity":31,"s:9:1:9:Infinity":32,"s:11:32:11:Infinity":33,"b:11:32:11:49:11:43:11:49":0,"b:11:49:11:64:11:59:11:64":1,"b:11:59:11:Infinity:11:74:11:Infinity":2,"s:11:64:11:74":34,"s:4:13:12:Infinity":35,"s:12:28:12:37":36,"s:4:13:13:Infinity":37,"s:13:9:13:19":38,"f:18:8:18:12":6,"s:18:8:18:25":39,"s:4:13:32:Infinity":40,"b:4:13:32:Infinity:32:42:32:Infinity":3,"s:32:30:32:42":41}}}
,"C:\\git\\honey-did\\src\\lib\\wizard\\wizardContent.ts": {"path":"C:\\git\\honey-did\\src\\lib\\wizard\\wizardContent.ts","statementMap":{"0":{"start":{"line":10,"column":50},"end":{"line":76,"column":null}},"1":{"start":{"line":78,"column":51},"end":{"line":151,"column":null}}},"fnMap":{},"branchMap":{},"s":{"0":0,"1":0},"f":{},"b":{},"meta":{"lastBranch":0,"lastFunction":0,"lastStatement":2,"seen":{"s:10:50:76:Infinity":0,"s:78:51:151:Infinity":1}}}
}
